19:55:07.260 [main] INFO  com.itbaizhan.travel.TravelApplication - Starting TravelApplication using Java 11.0.21 on LAPTOP-MVCHB40V with PID 13352 (C:\Users\HX\IdeaProjects\travel\target\classes started by HX in C:\Users\HX\IdeaProjects\travel)
19:55:07.262 [main] INFO  com.itbaizhan.travel.TravelApplication - No active profile set, falling back to 1 default profile: "default"
19:55:08.487 [main] INFO  o.s.boot.web.embedded.tomcat.TomcatWebServer - Tomcat initialized with port(s): 80 (http)
19:55:08.497 [main] INFO  org.apache.coyote.http11.Http11NioProtocol - Initializing ProtocolHandler ["http-nio-80"]
19:55:08.498 [main] INFO  org.apache.catalina.core.StandardService - Starting service [Tomcat]
19:55:08.498 [main] INFO  org.apache.catalina.core.StandardEngine - Starting Servlet engine: [Apache Tomcat/9.0.64]
19:55:08.599 [main] INFO  o.a.c.core.ContainerBase.[Tomcat].[localhost].[/] - Initializing Spring embedded WebApplicationContext
19:55:08.600 [main] INFO  o.s.b.w.s.c.ServletWebServerApplicationContext - Root WebApplicationContext: initialization completed in 1294 ms
19:55:11.224 [main] INFO  o.s.security.web.DefaultSecurityFilterChain - Will secure any request with [org.springframework.security.web.session.DisableEncodeUrlFilter@29f3185c, org.springframework.security.web.context.request.async.WebAsyncManagerIntegrationFilter@74bbc273, org.springframework.security.web.context.SecurityContextPersistenceFilter@1a7d0c9f, org.springframework.security.web.header.HeaderWriterFilter@150f41b9, org.springframework.web.filter.CorsFilter@370a8b6e, org.springframework.security.web.authentication.logout.LogoutFilter@27db45f, org.springframework.security.web.authentication.UsernamePasswordAuthenticationFilter@6ec3d8e4, org.springframework.security.web.savedrequest.RequestCacheAwareFilter@7d3c22a5, org.springframework.security.web.servletapi.SecurityContextHolderAwareRequestFilter@71e7830a, org.springframework.security.web.authentication.AnonymousAuthenticationFilter@118fbaf0, org.springframework.security.web.session.SessionManagementFilter@429e7914, org.springframework.security.web.access.ExceptionTranslationFilter@dae5e0, org.springframework.security.web.access.intercept.FilterSecurityInterceptor@4cb4c4cc]
19:55:11.274 [main] INFO  org.apache.coyote.http11.Http11NioProtocol - Starting ProtocolHandler ["http-nio-80"]
19:55:11.290 [main] INFO  o.s.boot.web.embedded.tomcat.TomcatWebServer - Tomcat started on port(s): 80 (http) with context path ''
19:55:11.299 [main] INFO  com.itbaizhan.travel.TravelApplication - Started TravelApplication in 4.384 seconds (JVM running for 6.06)
19:55:34.135 [http-nio-80-exec-3] INFO  o.a.c.core.ContainerBase.[Tomcat].[localhost].[/] - Initializing Spring DispatcherServlet 'dispatcherServlet'
19:55:34.138 [http-nio-80-exec-3] INFO  org.springframework.web.servlet.DispatcherServlet - Initializing Servlet 'dispatcherServlet'
19:55:34.139 [http-nio-80-exec-3] INFO  org.springframework.web.servlet.DispatcherServlet - Completed initialization in 1 ms
19:55:34.184 [http-nio-80-exec-3] INFO  com.itbaizhan.travel.AOP.LogAop - Log(url=/frontdesk/index, visitTime=Sat Feb 10 19:55:34 CST 2024, executionTime=3, username=null, ip=0:0:0:0:0:0:0:1, exceptionMessage=null)
19:55:34.662 [http-nio-80-exec-8] INFO  com.itbaizhan.travel.AOP.LogAop - Log(url=/favicon.ico, visitTime=Sat Feb 10 19:55:34 CST 2024, executionTime=0, username=null, ip=0:0:0:0:0:0:0:1, exceptionMessage=null)
19:55:34.667 [http-nio-80-exec-5] INFO  com.zaxxer.hikari.HikariDataSource - HikariPool-1 - Starting...
19:55:34.974 [http-nio-80-exec-5] INFO  com.zaxxer.hikari.HikariDataSource - HikariPool-1 - Start completed.
19:55:45.829 [http-nio-80-exec-10] INFO  com.itbaizhan.travel.AOP.LogAop - Log(url=/backstage/admin_login, visitTime=Sat Feb 10 19:55:45 CST 2024, executionTime=0, username=null, ip=0:0:0:0:0:0:0:1, exceptionMessage=null)
19:55:45.907 [http-nio-80-exec-2] INFO  com.itbaizhan.travel.AOP.LogAop - Log(url=/favicon.ico, visitTime=Sat Feb 10 19:55:45 CST 2024, executionTime=0, username=null, ip=0:0:0:0:0:0:0:1, exceptionMessage=null)
19:56:08.876 [http-nio-80-exec-9] INFO  com.itbaizhan.travel.AOP.LogAop - Log(url=/backstage/index, visitTime=Sat Feb 10 19:56:08 CST 2024, executionTime=0, username=小黑子, ip=0:0:0:0:0:0:0:1, exceptionMessage=null)
19:56:09.672 [http-nio-80-exec-9] WARN  org.apache.catalina.util.SessionIdGeneratorBase - Creation of SecureRandom instance for session ID generation using [SHA1PRNG] took [759] milliseconds.
19:56:09.822 [http-nio-80-exec-1] INFO  com.itbaizhan.travel.AOP.LogAop - Log(url=/favicon.ico, visitTime=Sat Feb 10 19:56:09 CST 2024, executionTime=0, username=小黑子, ip=0:0:0:0:0:0:0:1, exceptionMessage=null)
19:56:12.749 [http-nio-80-exec-2] INFO  com.itbaizhan.travel.AOP.LogAop - Log(url=/favicon.ico, visitTime=Sat Feb 10 19:56:12 CST 2024, executionTime=0, username=小黑子, ip=0:0:0:0:0:0:0:1, exceptionMessage=null)
19:56:14.627 [http-nio-80-exec-10] INFO  com.itbaizhan.travel.AOP.LogAop - Log(url=/favicon.ico, visitTime=Sat Feb 10 19:56:14 CST 2024, executionTime=0, username=小黑子, ip=0:0:0:0:0:0:0:1, exceptionMessage=null)
19:56:17.502 [http-nio-80-exec-2] INFO  com.itbaizhan.travel.AOP.LogAop - Log(url=/favicon.ico, visitTime=Sat Feb 10 19:56:17 CST 2024, executionTime=0, username=小黑子, ip=0:0:0:0:0:0:0:1, exceptionMessage=null)
19:56:19.717 [http-nio-80-exec-1] INFO  com.itbaizhan.travel.AOP.LogAop - Log(url=/favicon.ico, visitTime=Sat Feb 10 19:56:19 CST 2024, executionTime=0, username=小黑子, ip=0:0:0:0:0:0:0:1, exceptionMessage=null)
19:56:20.830 [http-nio-80-exec-2] INFO  com.itbaizhan.travel.AOP.LogAop - Log(url=/favicon.ico, visitTime=Sat Feb 10 19:56:20 CST 2024, executionTime=0, username=小黑子, ip=0:0:0:0:0:0:0:1, exceptionMessage=null)
19:56:22.034 [http-nio-80-exec-6] INFO  com.itbaizhan.travel.AOP.LogAop - Log(url=/favicon.ico, visitTime=Sat Feb 10 19:56:22 CST 2024, executionTime=0, username=小黑子, ip=0:0:0:0:0:0:0:1, exceptionMessage=null)
19:56:23.617 [http-nio-80-exec-2] INFO  com.itbaizhan.travel.AOP.LogAop - Log(url=/favicon.ico, visitTime=Sat Feb 10 19:56:23 CST 2024, executionTime=0, username=小黑子, ip=0:0:0:0:0:0:0:1, exceptionMessage=null)
19:56:25.028 [http-nio-80-exec-8] INFO  com.itbaizhan.travel.AOP.LogAop - Log(url=/favicon.ico, visitTime=Sat Feb 10 19:56:25 CST 2024, executionTime=0, username=小黑子, ip=0:0:0:0:0:0:0:1, exceptionMessage=null)
19:56:25.664 [http-nio-80-exec-1] INFO  com.itbaizhan.travel.AOP.LogAop - Log(url=/favicon.ico, visitTime=Sat Feb 10 19:56:25 CST 2024, executionTime=0, username=小黑子, ip=0:0:0:0:0:0:0:1, exceptionMessage=null)
19:56:27.114 [http-nio-80-exec-4] INFO  com.itbaizhan.travel.AOP.LogAop - Log(url=/favicon.ico, visitTime=Sat Feb 10 19:56:27 CST 2024, executionTime=0, username=小黑子, ip=0:0:0:0:0:0:0:1, exceptionMessage=null)
19:56:27.984 [http-nio-80-exec-3] INFO  com.itbaizhan.travel.AOP.LogAop - Log(url=/favicon.ico, visitTime=Sat Feb 10 19:56:27 CST 2024, executionTime=3, username=小黑子, ip=0:0:0:0:0:0:0:1, exceptionMessage=null)
19:56:52.009 [http-nio-80-exec-10] INFO  com.itbaizhan.travel.AOP.LogAop - Log(url=/favicon.ico, visitTime=Sat Feb 10 19:56:52 CST 2024, executionTime=0, username=小黑子, ip=0:0:0:0:0:0:0:1, exceptionMessage=null)
19:56:53.470 [http-nio-80-exec-3] INFO  com.itbaizhan.travel.AOP.LogAop - Log(url=/favicon.ico, visitTime=Sat Feb 10 19:56:53 CST 2024, executionTime=0, username=小黑子, ip=0:0:0:0:0:0:0:1, exceptionMessage=null)
19:56:54.284 [http-nio-80-exec-4] INFO  com.itbaizhan.travel.AOP.LogAop - Log(url=/favicon.ico, visitTime=Sat Feb 10 19:56:54 CST 2024, executionTime=0, username=小黑子, ip=0:0:0:0:0:0:0:1, exceptionMessage=null)
19:56:57.377 [http-nio-80-exec-9] INFO  com.itbaizhan.travel.AOP.LogAop - Log(url=/favicon.ico, visitTime=Sat Feb 10 19:56:57 CST 2024, executionTime=0, username=小黑子, ip=0:0:0:0:0:0:0:1, exceptionMessage=null)
19:57:00.097 [http-nio-80-exec-9] INFO  com.itbaizhan.travel.AOP.LogAop - Log(url=/favicon.ico, visitTime=Sat Feb 10 19:57:00 CST 2024, executionTime=0, username=小黑子, ip=0:0:0:0:0:0:0:1, exceptionMessage=null)
19:57:08.696 [http-nio-80-exec-5] INFO  com.itbaizhan.travel.AOP.LogAop - Log(url=/favicon.ico, visitTime=Sat Feb 10 19:57:08 CST 2024, executionTime=0, username=小黑子, ip=0:0:0:0:0:0:0:1, exceptionMessage=null)
19:57:13.289 [http-nio-80-exec-10] INFO  com.itbaizhan.travel.AOP.LogAop - Log(url=/favicon.ico, visitTime=Sat Feb 10 19:57:13 CST 2024, executionTime=0, username=小黑子, ip=0:0:0:0:0:0:0:1, exceptionMessage=null)
19:57:16.146 [http-nio-80-exec-7] INFO  com.itbaizhan.travel.AOP.LogAop - Log(url=/favicon.ico, visitTime=Sat Feb 10 19:57:16 CST 2024, executionTime=0, username=小黑子, ip=0:0:0:0:0:0:0:1, exceptionMessage=null)
19:57:23.428 [http-nio-80-exec-4] INFO  com.itbaizhan.travel.AOP.LogAop - Log(url=/favicon.ico, visitTime=Sat Feb 10 19:57:23 CST 2024, executionTime=0, username=小黑子, ip=0:0:0:0:0:0:0:1, exceptionMessage=null)
19:57:30.171 [http-nio-80-exec-8] INFO  com.itbaizhan.travel.AOP.LogAop - Log(url=/favicon.ico, visitTime=Sat Feb 10 19:57:30 CST 2024, executionTime=0, username=小黑子, ip=0:0:0:0:0:0:0:1, exceptionMessage=null)
19:57:33.254 [http-nio-80-exec-4] INFO  com.itbaizhan.travel.AOP.LogAop - Log(url=/favicon.ico, visitTime=Sat Feb 10 19:57:33 CST 2024, executionTime=0, username=小黑子, ip=0:0:0:0:0:0:0:1, exceptionMessage=null)
19:57:49.480 [http-nio-80-exec-6] INFO  com.itbaizhan.travel.AOP.LogAop - Log(url=/favicon.ico, visitTime=Sat Feb 10 19:57:49 CST 2024, executionTime=0, username=小黑子, ip=0:0:0:0:0:0:0:1, exceptionMessage=null)
19:57:51.366 [http-nio-80-exec-3] INFO  com.itbaizhan.travel.AOP.LogAop - Log(url=/favicon.ico, visitTime=Sat Feb 10 19:57:51 CST 2024, executionTime=0, username=小黑子, ip=0:0:0:0:0:0:0:1, exceptionMessage=null)
19:57:59.924 [http-nio-80-exec-7] INFO  com.itbaizhan.travel.AOP.LogAop - Log(url=/favicon.ico, visitTime=Sat Feb 10 19:57:59 CST 2024, executionTime=0, username=小黑子, ip=0:0:0:0:0:0:0:1, exceptionMessage=null)
19:58:12.701 [http-nio-80-exec-4] INFO  com.itbaizhan.travel.AOP.LogAop - Log(url=/favicon.ico, visitTime=Sat Feb 10 19:58:12 CST 2024, executionTime=0, username=小黑子, ip=0:0:0:0:0:0:0:1, exceptionMessage=null)
19:58:15.680 [http-nio-80-exec-2] INFO  com.itbaizhan.travel.AOP.LogAop - Log(url=/backstage/admin_add, visitTime=Sat Feb 10 19:58:15 CST 2024, executionTime=0, username=小黑子, ip=0:0:0:0:0:0:0:1, exceptionMessage=null)
19:58:15.792 [http-nio-80-exec-3] INFO  com.itbaizhan.travel.AOP.LogAop - Log(url=/favicon.ico, visitTime=Sat Feb 10 19:58:15 CST 2024, executionTime=0, username=小黑子, ip=0:0:0:0:0:0:0:1, exceptionMessage=null)
19:58:42.474 [http-nio-80-exec-10] INFO  com.itbaizhan.travel.AOP.LogAop - Log(url=/favicon.ico, visitTime=Sat Feb 10 19:58:42 CST 2024, executionTime=0, username=小黑子, ip=0:0:0:0:0:0:0:1, exceptionMessage=null)
19:58:46.347 [http-nio-80-exec-4] INFO  com.itbaizhan.travel.AOP.LogAop - Log(url=/backstage/admin_login, visitTime=Sat Feb 10 19:58:46 CST 2024, executionTime=0, username=null, ip=0:0:0:0:0:0:0:1, exceptionMessage=null)
19:58:46.377 [http-nio-80-exec-2] INFO  com.itbaizhan.travel.AOP.LogAop - Log(url=/favicon.ico, visitTime=Sat Feb 10 19:58:46 CST 2024, executionTime=0, username=null, ip=0:0:0:0:0:0:0:1, exceptionMessage=null)
19:58:48.077 [http-nio-80-exec-5] INFO  com.itbaizhan.travel.AOP.LogAop - Log(url=/backstage/admin_login, visitTime=Sat Feb 10 19:58:48 CST 2024, executionTime=0, username=null, ip=0:0:0:0:0:0:0:1, exceptionMessage=null)
19:58:48.108 [http-nio-80-exec-3] INFO  com.itbaizhan.travel.AOP.LogAop - Log(url=/favicon.ico, visitTime=Sat Feb 10 19:58:48 CST 2024, executionTime=0, username=null, ip=0:0:0:0:0:0:0:1, exceptionMessage=null)
19:58:49.887 [http-nio-80-exec-10] INFO  com.itbaizhan.travel.AOP.LogAop - Log(url=/backstage/admin_login, visitTime=Sat Feb 10 19:58:49 CST 2024, executionTime=0, username=null, ip=0:0:0:0:0:0:0:1, exceptionMessage=null)
19:58:49.914 [http-nio-80-exec-9] INFO  com.itbaizhan.travel.AOP.LogAop - Log(url=/favicon.ico, visitTime=Sat Feb 10 19:58:49 CST 2024, executionTime=0, username=null, ip=0:0:0:0:0:0:0:1, exceptionMessage=null)
19:59:08.011 [http-nio-80-exec-8] INFO  com.itbaizhan.travel.AOP.LogAop - Log(url=/backstage/index, visitTime=Sat Feb 10 19:59:08 CST 2024, executionTime=0, username=刘改梅, ip=0:0:0:0:0:0:0:1, exceptionMessage=null)
19:59:08.123 [http-nio-80-exec-3] INFO  com.itbaizhan.travel.AOP.LogAop - Log(url=/favicon.ico, visitTime=Sat Feb 10 19:59:08 CST 2024, executionTime=0, username=刘改梅, ip=0:0:0:0:0:0:0:1, exceptionMessage=null)
19:59:13.058 [http-nio-80-exec-5] INFO  com.itbaizhan.travel.AOP.LogAop - Log(url=/favicon.ico, visitTime=Sat Feb 10 19:59:13 CST 2024, executionTime=0, username=刘改梅, ip=0:0:0:0:0:0:0:1, exceptionMessage=null)
19:59:23.291 [http-nio-80-exec-8] INFO  com.itbaizhan.travel.AOP.LogAop - Log(url=/backstage/admin_login, visitTime=Sat Feb 10 19:59:23 CST 2024, executionTime=2, username=null, ip=0:0:0:0:0:0:0:1, exceptionMessage=null)
19:59:23.323 [http-nio-80-exec-2] INFO  com.itbaizhan.travel.AOP.LogAop - Log(url=/favicon.ico, visitTime=Sat Feb 10 19:59:23 CST 2024, executionTime=0, username=null, ip=0:0:0:0:0:0:0:1, exceptionMessage=null)
19:59:32.013 [http-nio-80-exec-3] INFO  com.itbaizhan.travel.AOP.LogAop - Log(url=/backstage/index, visitTime=Sat Feb 10 19:59:32 CST 2024, executionTime=0, username=小黑子, ip=0:0:0:0:0:0:0:1, exceptionMessage=null)
19:59:32.121 [http-nio-80-exec-1] INFO  com.itbaizhan.travel.AOP.LogAop - Log(url=/favicon.ico, visitTime=Sat Feb 10 19:59:32 CST 2024, executionTime=0, username=小黑子, ip=0:0:0:0:0:0:0:1, exceptionMessage=null)
19:59:33.393 [http-nio-80-exec-3] INFO  com.itbaizhan.travel.AOP.LogAop - Log(url=/favicon.ico, visitTime=Sat Feb 10 19:59:33 CST 2024, executionTime=0, username=小黑子, ip=0:0:0:0:0:0:0:1, exceptionMessage=null)
19:59:34.155 [http-nio-80-exec-9] INFO  com.itbaizhan.travel.AOP.LogAop - Log(url=/favicon.ico, visitTime=Sat Feb 10 19:59:34 CST 2024, executionTime=0, username=小黑子, ip=0:0:0:0:0:0:0:1, exceptionMessage=null)
19:59:34.799 [http-nio-80-exec-7] INFO  com.itbaizhan.travel.AOP.LogAop - Log(url=/favicon.ico, visitTime=Sat Feb 10 19:59:34 CST 2024, executionTime=0, username=小黑子, ip=0:0:0:0:0:0:0:1, exceptionMessage=null)
19:59:35.261 [http-nio-80-exec-10] INFO  com.itbaizhan.travel.AOP.LogAop - Log(url=/favicon.ico, visitTime=Sat Feb 10 19:59:35 CST 2024, executionTime=0, username=小黑子, ip=0:0:0:0:0:0:0:1, exceptionMessage=null)
19:59:38.442 [http-nio-80-exec-8] INFO  com.itbaizhan.travel.AOP.LogAop - Log(url=/favicon.ico, visitTime=Sat Feb 10 19:59:38 CST 2024, executionTime=0, username=小黑子, ip=0:0:0:0:0:0:0:1, exceptionMessage=null)
19:59:39.913 [http-nio-80-exec-1] INFO  com.itbaizhan.travel.AOP.LogAop - Log(url=/frontdesk/login, visitTime=Sat Feb 10 19:59:39 CST 2024, executionTime=0, username=小黑子, ip=0:0:0:0:0:0:0:1, exceptionMessage=null)
19:59:39.955 [http-nio-80-exec-2] INFO  com.itbaizhan.travel.AOP.LogAop - Log(url=/frontdesk/header.html, visitTime=Sat Feb 10 19:59:39 CST 2024, executionTime=0, username=小黑子, ip=0:0:0:0:0:0:0:1, exceptionMessage=null)
19:59:39.955 [http-nio-80-exec-4] INFO  com.itbaizhan.travel.AOP.LogAop - Log(url=/frontdesk/footer.html, visitTime=Sat Feb 10 19:59:39 CST 2024, executionTime=0, username=小黑子, ip=0:0:0:0:0:0:0:1, exceptionMessage=null)
19:59:39.965 [http-nio-80-exec-10] INFO  com.itbaizhan.travel.AOP.LogAop - Log(url=/favicon.ico, visitTime=Sat Feb 10 19:59:39 CST 2024, executionTime=0, username=小黑子, ip=0:0:0:0:0:0:0:1, exceptionMessage=null)
19:59:41.541 [http-nio-80-exec-10] INFO  com.itbaizhan.travel.AOP.LogAop - Log(url=/favicon.ico, visitTime=Sat Feb 10 19:59:41 CST 2024, executionTime=0, username=小黑子, ip=0:0:0:0:0:0:0:1, exceptionMessage=null)
19:59:57.209 [http-nio-80-exec-10] INFO  com.itbaizhan.travel.AOP.LogAop - Log(url=/favicon.ico, visitTime=Sat Feb 10 19:59:57 CST 2024, executionTime=0, username=小黑子, ip=0:0:0:0:0:0:0:1, exceptionMessage=null)
19:59:58.272 [http-nio-80-exec-8] INFO  com.itbaizhan.travel.AOP.LogAop - Log(url=/favicon.ico, visitTime=Sat Feb 10 19:59:58 CST 2024, executionTime=0, username=小黑子, ip=0:0:0:0:0:0:0:1, exceptionMessage=null)
20:00:38.112 [http-nio-80-exec-4] INFO  com.itbaizhan.travel.AOP.LogAop - Log(url=/frontdesk/login, visitTime=Sat Feb 10 20:00:38 CST 2024, executionTime=0, username=小黑子, ip=0:0:0:0:0:0:0:1, exceptionMessage=null)
20:00:38.147 [http-nio-80-exec-2] INFO  com.itbaizhan.travel.AOP.LogAop - Log(url=/frontdesk/footer.html, visitTime=Sat Feb 10 20:00:38 CST 2024, executionTime=0, username=小黑子, ip=0:0:0:0:0:0:0:1, exceptionMessage=null)
20:00:38.147 [http-nio-80-exec-10] INFO  com.itbaizhan.travel.AOP.LogAop - Log(url=/frontdesk/header.html, visitTime=Sat Feb 10 20:00:38 CST 2024, executionTime=0, username=小黑子, ip=0:0:0:0:0:0:0:1, exceptionMessage=null)
20:00:38.156 [http-nio-80-exec-1] INFO  com.itbaizhan.travel.AOP.LogAop - Log(url=/favicon.ico, visitTime=Sat Feb 10 20:00:38 CST 2024, executionTime=0, username=小黑子, ip=0:0:0:0:0:0:0:1, exceptionMessage=null)
20:00:39.633 [http-nio-80-exec-1] INFO  com.itbaizhan.travel.AOP.LogAop - Log(url=/favicon.ico, visitTime=Sat Feb 10 20:00:39 CST 2024, executionTime=0, username=小黑子, ip=0:0:0:0:0:0:0:1, exceptionMessage=null)
20:00:40.484 [http-nio-80-exec-7] INFO  com.itbaizhan.travel.AOP.LogAop - Log(url=/frontdesk/login, visitTime=Sat Feb 10 20:00:40 CST 2024, executionTime=0, username=小黑子, ip=0:0:0:0:0:0:0:1, exceptionMessage=null)
20:00:40.517 [http-nio-80-exec-4] INFO  com.itbaizhan.travel.AOP.LogAop - Log(url=/frontdesk/footer.html, visitTime=Sat Feb 10 20:00:40 CST 2024, executionTime=0, username=小黑子, ip=0:0:0:0:0:0:0:1, exceptionMessage=null)
20:00:40.517 [http-nio-80-exec-6] INFO  com.itbaizhan.travel.AOP.LogAop - Log(url=/frontdesk/header.html, visitTime=Sat Feb 10 20:00:40 CST 2024, executionTime=0, username=小黑子, ip=0:0:0:0:0:0:0:1, exceptionMessage=null)
20:00:40.525 [http-nio-80-exec-2] INFO  com.itbaizhan.travel.AOP.LogAop - Log(url=/favicon.ico, visitTime=Sat Feb 10 20:00:40 CST 2024, executionTime=0, username=小黑子, ip=0:0:0:0:0:0:0:1, exceptionMessage=null)
20:00:47.866 [http-nio-80-exec-8] INFO  com.itbaizhan.travel.AOP.LogAop - Log(url=/frontdesk/register, visitTime=Sat Feb 10 20:00:47 CST 2024, executionTime=0, username=小黑子, ip=0:0:0:0:0:0:0:1, exceptionMessage=null)
20:00:49.046 [http-nio-80-exec-7] INFO  com.itbaizhan.travel.AOP.LogAop - Log(url=/favicon.ico, visitTime=Sat Feb 10 20:00:49 CST 2024, executionTime=0, username=小黑子, ip=0:0:0:0:0:0:0:1, exceptionMessage=null)
20:00:49.605 [http-nio-80-exec-1] INFO  com.itbaizhan.travel.AOP.LogAop - Log(url=/frontdesk/login, visitTime=Sat Feb 10 20:00:49 CST 2024, executionTime=0, username=小黑子, ip=0:0:0:0:0:0:0:1, exceptionMessage=null)
20:00:49.637 [http-nio-80-exec-7] INFO  com.itbaizhan.travel.AOP.LogAop - Log(url=/frontdesk/header.html, visitTime=Sat Feb 10 20:00:49 CST 2024, executionTime=0, username=小黑子, ip=0:0:0:0:0:0:0:1, exceptionMessage=null)
20:00:49.637 [http-nio-80-exec-1] INFO  com.itbaizhan.travel.AOP.LogAop - Log(url=/frontdesk/footer.html, visitTime=Sat Feb 10 20:00:49 CST 2024, executionTime=0, username=小黑子, ip=0:0:0:0:0:0:0:1, exceptionMessage=null)
20:00:49.647 [http-nio-80-exec-3] INFO  com.itbaizhan.travel.AOP.LogAop - Log(url=/favicon.ico, visitTime=Sat Feb 10 20:00:49 CST 2024, executionTime=0, username=小黑子, ip=0:0:0:0:0:0:0:1, exceptionMessage=null)
20:00:50.663 [http-nio-80-exec-6] INFO  com.itbaizhan.travel.AOP.LogAop - Log(url=/frontdesk/register, visitTime=Sat Feb 10 20:00:50 CST 2024, executionTime=0, username=小黑子, ip=0:0:0:0:0:0:0:1, exceptionMessage=null)
20:00:50.712 [http-nio-80-exec-5] INFO  com.itbaizhan.travel.AOP.LogAop - Log(url=/favicon.ico, visitTime=Sat Feb 10 20:00:50 CST 2024, executionTime=0, username=小黑子, ip=0:0:0:0:0:0:0:1, exceptionMessage=null)
20:01:52.561 [http-nio-80-exec-5] INFO  com.itbaizhan.travel.AOP.LogAop - Log(url=/favicon.ico, visitTime=Sat Feb 10 20:01:52 CST 2024, executionTime=0, username=小黑子, ip=0:0:0:0:0:0:0:1, exceptionMessage=null)
20:02:02.115 [http-nio-80-exec-4] INFO  com.itbaizhan.travel.AOP.LogAop - Log(url=/favicon.ico, visitTime=Sat Feb 10 20:02:02 CST 2024, executionTime=0, username=小黑子, ip=0:0:0:0:0:0:0:1, exceptionMessage=null)
20:02:24.116 [http-nio-80-exec-10] INFO  com.itbaizhan.travel.AOP.LogAop - Log(url=/favicon.ico, visitTime=Sat Feb 10 20:02:24 CST 2024, executionTime=0, username=小黑子, ip=0:0:0:0:0:0:0:1, exceptionMessage=null)
20:02:32.296 [http-nio-80-exec-9] ERROR o.a.c.c.C.[.[localhost].[/].[dispatcherServlet] - Servlet.service() for servlet [dispatcherServlet] in context with path [] threw exception [Request processing failed; nested exception is org.springframework.dao.DataIntegrityViolationException: 
### Error updating database.  Cause: com.mysql.cj.jdbc.exceptions.MysqlDataTruncation: Data truncation: Data too long for column 'phoneNum' at row 1
### The error may exist in com/itbaizhan/travel/mapper/MemberMapper.java (best guess)
### The error may involve com.itbaizhan.travel.mapper.MemberMapper.insert-Inline
### The error occurred while setting parameters
### SQL: INSERT INTO member  ( username, password, email, phoneNum, sex, birthday, active, activeCode )  VALUES  ( ?, ?, ?, ?, ?, ?, ?, ? )
### Cause: com.mysql.cj.jdbc.exceptions.MysqlDataTruncation: Data truncation: Data too long for column 'phoneNum' at row 1
; Data truncation: Data too long for column 'phoneNum' at row 1; nested exception is com.mysql.cj.jdbc.exceptions.MysqlDataTruncation: Data truncation: Data too long for column 'phoneNum' at row 1] with root cause
com.mysql.cj.jdbc.exceptions.MysqlDataTruncation: Data truncation: Data too long for column 'phoneNum' at row 1
	at com.mysql.cj.jdbc.exceptions.SQLExceptionsMapping.translateException(SQLExceptionsMapping.java:104)
	at com.mysql.cj.jdbc.ClientPreparedStatement.executeInternal(ClientPreparedStatement.java:916)
	at com.mysql.cj.jdbc.ClientPreparedStatement.execute(ClientPreparedStatement.java:354)
	at com.zaxxer.hikari.pool.ProxyPreparedStatement.execute(ProxyPreparedStatement.java:44)
	at com.zaxxer.hikari.pool.HikariProxyPreparedStatement.execute(HikariProxyPreparedStatement.java)
	at jdk.internal.reflect.GeneratedMethodAccessor91.invoke(Unknown Source)
	at java.base/jdk.internal.reflect.DelegatingMethodAccessorImpl.invoke(DelegatingMethodAccessorImpl.java:43)
	at java.base/java.lang.reflect.Method.invoke(Method.java:566)
	at org.apache.ibatis.logging.jdbc.PreparedStatementLogger.invoke(PreparedStatementLogger.java:59)
	at com.sun.proxy.$Proxy111.execute(Unknown Source)
	at org.apache.ibatis.executor.statement.PreparedStatementHandler.update(PreparedStatementHandler.java:47)
	at org.apache.ibatis.executor.statement.RoutingStatementHandler.update(RoutingStatementHandler.java:74)
	at java.base/jdk.internal.reflect.NativeMethodAccessorImpl.invoke0(Native Method)
	at java.base/jdk.internal.reflect.NativeMethodAccessorImpl.invoke(NativeMethodAccessorImpl.java:62)
	at java.base/jdk.internal.reflect.DelegatingMethodAccessorImpl.invoke(DelegatingMethodAccessorImpl.java:43)
	at java.base/java.lang.reflect.Method.invoke(Method.java:566)
	at org.apache.ibatis.plugin.Plugin.invoke(Plugin.java:64)
	at com.sun.proxy.$Proxy109.update(Unknown Source)
	at org.apache.ibatis.executor.SimpleExecutor.doUpdate(SimpleExecutor.java:50)
	at org.apache.ibatis.executor.BaseExecutor.update(BaseExecutor.java:117)
	at org.apache.ibatis.executor.CachingExecutor.update(CachingExecutor.java:76)
	at java.base/jdk.internal.reflect.NativeMethodAccessorImpl.invoke0(Native Method)
	at java.base/jdk.internal.reflect.NativeMethodAccessorImpl.invoke(NativeMethodAccessorImpl.java:62)
	at java.base/jdk.internal.reflect.DelegatingMethodAccessorImpl.invoke(DelegatingMethodAccessorImpl.java:43)
	at java.base/java.lang.reflect.Method.invoke(Method.java:566)
	at org.apache.ibatis.plugin.Invocation.proceed(Invocation.java:49)
	at com.baomidou.mybatisplus.extension.plugins.MybatisPlusInterceptor.intercept(MybatisPlusInterceptor.java:106)
	at org.apache.ibatis.plugin.Plugin.invoke(Plugin.java:62)
	at com.sun.proxy.$Proxy108.update(Unknown Source)
	at org.apache.ibatis.session.defaults.DefaultSqlSession.update(DefaultSqlSession.java:194)
	at org.apache.ibatis.session.defaults.DefaultSqlSession.insert(DefaultSqlSession.java:181)
	at java.base/jdk.internal.reflect.NativeMethodAccessorImpl.invoke0(Native Method)
	at java.base/jdk.internal.reflect.NativeMethodAccessorImpl.invoke(NativeMethodAccessorImpl.java:62)
	at java.base/jdk.internal.reflect.DelegatingMethodAccessorImpl.invoke(DelegatingMethodAccessorImpl.java:43)
	at java.base/java.lang.reflect.Method.invoke(Method.java:566)
	at org.mybatis.spring.SqlSessionTemplate$SqlSessionInterceptor.invoke(SqlSessionTemplate.java:427)
	at com.sun.proxy.$Proxy74.insert(Unknown Source)
	at org.mybatis.spring.SqlSessionTemplate.insert(SqlSessionTemplate.java:272)
	at com.baomidou.mybatisplus.core.override.MybatisMapperMethod.execute(MybatisMapperMethod.java:59)
	at com.baomidou.mybatisplus.core.override.MybatisMapperProxy$PlainMethodInvoker.invoke(MybatisMapperProxy.java:148)
	at com.baomidou.mybatisplus.core.override.MybatisMapperProxy.invoke(MybatisMapperProxy.java:89)
	at com.sun.proxy.$Proxy89.insert(Unknown Source)
	at com.itbaizhan.travel.service.MemberService.register(MemberService.java:91)
	at com.itbaizhan.travel.service.MemberService$$FastClassBySpringCGLIB$$65e0e26f.invoke(<generated>)
	at org.springframework.cglib.proxy.MethodProxy.invoke(MethodProxy.java:218)
	at org.springframework.aop.framework.CglibAopProxy$CglibMethodInvocation.invokeJoinpoint(CglibAopProxy.java:793)
	at org.springframework.aop.framework.ReflectiveMethodInvocation.proceed(ReflectiveMethodInvocation.java:163)
	at org.springframework.aop.framework.CglibAopProxy$CglibMethodInvocation.proceed(CglibAopProxy.java:763)
	at org.springframework.transaction.interceptor.TransactionInterceptor$1.proceedWithInvocation(TransactionInterceptor.java:123)
	at org.springframework.transaction.interceptor.TransactionAspectSupport.invokeWithinTransaction(TransactionAspectSupport.java:388)
	at org.springframework.transaction.interceptor.TransactionInterceptor.invoke(TransactionInterceptor.java:119)
	at org.springframework.aop.framework.ReflectiveMethodInvocation.proceed(ReflectiveMethodInvocation.java:186)
	at org.springframework.aop.framework.CglibAopProxy$CglibMethodInvocation.proceed(CglibAopProxy.java:763)
	at org.springframework.aop.framework.CglibAopProxy$DynamicAdvisedInterceptor.intercept(CglibAopProxy.java:708)
	at com.itbaizhan.travel.service.MemberService$$EnhancerBySpringCGLIB$$dbb03ae8.register(<generated>)
	at com.itbaizhan.travel.controller.frontdesk.MemberController.register(MemberController.java:33)
	at java.base/jdk.internal.reflect.NativeMethodAccessorImpl.invoke0(Native Method)
	at java.base/jdk.internal.reflect.NativeMethodAccessorImpl.invoke(NativeMethodAccessorImpl.java:62)
	at java.base/jdk.internal.reflect.DelegatingMethodAccessorImpl.invoke(DelegatingMethodAccessorImpl.java:43)
	at java.base/java.lang.reflect.Method.invoke(Method.java:566)
	at org.springframework.web.method.support.InvocableHandlerMethod.doInvoke(InvocableHandlerMethod.java:205)
	at org.springframework.web.method.support.InvocableHandlerMethod.invokeForRequest(InvocableHandlerMethod.java:150)
	at org.springframework.web.servlet.mvc.method.annotation.ServletInvocableHandlerMethod.invokeAndHandle(ServletInvocableHandlerMethod.java:117)
	at org.springframework.web.servlet.mvc.method.annotation.RequestMappingHandlerAdapter.invokeHandlerMethod(RequestMappingHandlerAdapter.java:895)
	at org.springframework.web.servlet.mvc.method.annotation.RequestMappingHandlerAdapter.handleInternal(RequestMappingHandlerAdapter.java:808)
	at org.springframework.web.servlet.mvc.method.AbstractHandlerMethodAdapter.handle(AbstractHandlerMethodAdapter.java:87)
	at org.springframework.web.servlet.DispatcherServlet.doDispatch(DispatcherServlet.java:1067)
	at org.springframework.web.servlet.DispatcherServlet.doService(DispatcherServlet.java:963)
	at org.springframework.web.servlet.FrameworkServlet.processRequest(FrameworkServlet.java:1006)
	at org.springframework.web.servlet.FrameworkServlet.doPost(FrameworkServlet.java:909)
	at javax.servlet.http.HttpServlet.service(HttpServlet.java:681)
	at org.springframework.web.servlet.FrameworkServlet.service(FrameworkServlet.java:883)
	at javax.servlet.http.HttpServlet.service(HttpServlet.java:764)
	at org.apache.catalina.core.ApplicationFilterChain.internalDoFilter(ApplicationFilterChain.java:227)
	at org.apache.catalina.core.ApplicationFilterChain.doFilter(ApplicationFilterChain.java:162)
	at org.apache.tomcat.websocket.server.WsFilter.doFilter(WsFilter.java:53)
	at org.apache.catalina.core.ApplicationFilterChain.internalDoFilter(ApplicationFilterChain.java:189)
	at org.apache.catalina.core.ApplicationFilterChain.doFilter(ApplicationFilterChain.java:162)
	at org.springframework.security.web.FilterChainProxy$VirtualFilterChain.doFilter(FilterChainProxy.java:327)
	at org.springframework.security.web.access.intercept.FilterSecurityInterceptor.invoke(FilterSecurityInterceptor.java:115)
	at org.springframework.security.web.access.intercept.FilterSecurityInterceptor.doFilter(FilterSecurityInterceptor.java:81)
	at org.springframework.security.web.FilterChainProxy$VirtualFilterChain.doFilter(FilterChainProxy.java:336)
	at org.springframework.security.web.access.ExceptionTranslationFilter.doFilter(ExceptionTranslationFilter.java:122)
	at org.springframework.security.web.access.ExceptionTranslationFilter.doFilter(ExceptionTranslationFilter.java:116)
	at org.springframework.security.web.FilterChainProxy$VirtualFilterChain.doFilter(FilterChainProxy.java:336)
	at org.springframework.security.web.session.SessionManagementFilter.doFilter(SessionManagementFilter.java:126)
	at org.springframework.security.web.session.SessionManagementFilter.doFilter(SessionManagementFilter.java:81)
	at org.springframework.security.web.FilterChainProxy$VirtualFilterChain.doFilter(FilterChainProxy.java:336)
	at org.springframework.security.web.authentication.AnonymousAuthenticationFilter.doFilter(AnonymousAuthenticationFilter.java:109)
	at org.springframework.security.web.FilterChainProxy$VirtualFilterChain.doFilter(FilterChainProxy.java:336)
	at org.springframework.security.web.servletapi.SecurityContextHolderAwareRequestFilter.doFilter(SecurityContextHolderAwareRequestFilter.java:149)
	at org.springframework.security.web.FilterChainProxy$VirtualFilterChain.doFilter(FilterChainProxy.java:336)
	at org.springframework.security.web.savedrequest.RequestCacheAwareFilter.doFilter(RequestCacheAwareFilter.java:63)
	at org.springframework.security.web.FilterChainProxy$VirtualFilterChain.doFilter(FilterChainProxy.java:336)
	at org.springframework.security.web.authentication.AbstractAuthenticationProcessingFilter.doFilter(AbstractAuthenticationProcessingFilter.java:223)
	at org.springframework.security.web.authentication.AbstractAuthenticationProcessingFilter.doFilter(AbstractAuthenticationProcessingFilter.java:217)
	at org.springframework.security.web.FilterChainProxy$VirtualFilterChain.doFilter(FilterChainProxy.java:336)
	at org.springframework.security.web.authentication.logout.LogoutFilter.doFilter(LogoutFilter.java:103)
	at org.springframework.security.web.authentication.logout.LogoutFilter.doFilter(LogoutFilter.java:89)
	at org.springframework.security.web.FilterChainProxy$VirtualFilterChain.doFilter(FilterChainProxy.java:336)
	at org.springframework.web.filter.CorsFilter.doFilterInternal(CorsFilter.java:91)
	at org.springframework.web.filter.OncePerRequestFilter.doFilter(OncePerRequestFilter.java:117)
	at org.springframework.security.web.FilterChainProxy$VirtualFilterChain.doFilter(FilterChainProxy.java:336)
	at org.springframework.security.web.header.HeaderWriterFilter.doHeadersAfter(HeaderWriterFilter.java:90)
	at org.springframework.security.web.header.HeaderWriterFilter.doFilterInternal(HeaderWriterFilter.java:75)
	at org.springframework.web.filter.OncePerRequestFilter.doFilter(OncePerRequestFilter.java:117)
	at org.springframework.security.web.FilterChainProxy$VirtualFilterChain.doFilter(FilterChainProxy.java:336)
	at org.springframework.security.web.context.SecurityContextPersistenceFilter.doFilter(SecurityContextPersistenceFilter.java:112)
	at org.springframework.security.web.context.SecurityContextPersistenceFilter.doFilter(SecurityContextPersistenceFilter.java:82)
	at org.springframework.security.web.FilterChainProxy$VirtualFilterChain.doFilter(FilterChainProxy.java:336)
	at org.springframework.security.web.context.request.async.WebAsyncManagerIntegrationFilter.doFilterInternal(WebAsyncManagerIntegrationFilter.java:55)
	at org.springframework.web.filter.OncePerRequestFilter.doFilter(OncePerRequestFilter.java:117)
	at org.springframework.security.web.FilterChainProxy$VirtualFilterChain.doFilter(FilterChainProxy.java:336)
	at org.springframework.security.web.session.DisableEncodeUrlFilter.doFilterInternal(DisableEncodeUrlFilter.java:42)
	at org.springframework.web.filter.OncePerRequestFilter.doFilter(OncePerRequestFilter.java:117)
	at org.springframework.security.web.FilterChainProxy$VirtualFilterChain.doFilter(FilterChainProxy.java:336)
	at org.springframework.security.web.FilterChainProxy.doFilterInternal(FilterChainProxy.java:211)
	at org.springframework.security.web.FilterChainProxy.doFilter(FilterChainProxy.java:183)
	at org.springframework.web.filter.DelegatingFilterProxy.invokeDelegate(DelegatingFilterProxy.java:354)
	at org.springframework.web.filter.DelegatingFilterProxy.doFilter(DelegatingFilterProxy.java:267)
	at org.apache.catalina.core.ApplicationFilterChain.internalDoFilter(ApplicationFilterChain.java:189)
	at org.apache.catalina.core.ApplicationFilterChain.doFilter(ApplicationFilterChain.java:162)
	at org.springframework.web.filter.RequestContextFilter.doFilterInternal(RequestContextFilter.java:100)
	at org.springframework.web.filter.OncePerRequestFilter.doFilter(OncePerRequestFilter.java:117)
	at org.apache.catalina.core.ApplicationFilterChain.internalDoFilter(ApplicationFilterChain.java:189)
	at org.apache.catalina.core.ApplicationFilterChain.doFilter(ApplicationFilterChain.java:162)
	at org.springframework.web.filter.FormContentFilter.doFilterInternal(FormContentFilter.java:93)
	at org.springframework.web.filter.OncePerRequestFilter.doFilter(OncePerRequestFilter.java:117)
	at org.apache.catalina.core.ApplicationFilterChain.internalDoFilter(ApplicationFilterChain.java:189)
	at org.apache.catalina.core.ApplicationFilterChain.doFilter(ApplicationFilterChain.java:162)
	at org.springframework.web.filter.CharacterEncodingFilter.doFilterInternal(CharacterEncodingFilter.java:201)
	at org.springframework.web.filter.OncePerRequestFilter.doFilter(OncePerRequestFilter.java:117)
	at org.apache.catalina.core.ApplicationFilterChain.internalDoFilter(ApplicationFilterChain.java:189)
	at org.apache.catalina.core.ApplicationFilterChain.doFilter(ApplicationFilterChain.java:162)
	at org.apache.catalina.core.StandardWrapperValve.invoke(StandardWrapperValve.java:197)
	at org.apache.catalina.core.StandardContextValve.invoke(StandardContextValve.java:97)
	at org.apache.catalina.authenticator.AuthenticatorBase.invoke(AuthenticatorBase.java:541)
	at org.apache.catalina.core.StandardHostValve.invoke(StandardHostValve.java:135)
	at org.apache.catalina.valves.ErrorReportValve.invoke(ErrorReportValve.java:92)
	at org.apache.catalina.core.StandardEngineValve.invoke(StandardEngineValve.java:78)
	at org.apache.catalina.connector.CoyoteAdapter.service(CoyoteAdapter.java:360)
	at org.apache.coyote.http11.Http11Processor.service(Http11Processor.java:399)
	at org.apache.coyote.AbstractProcessorLight.process(AbstractProcessorLight.java:65)
	at org.apache.coyote.AbstractProtocol$ConnectionHandler.process(AbstractProtocol.java:890)
	at org.apache.tomcat.util.net.NioEndpoint$SocketProcessor.doRun(NioEndpoint.java:1787)
	at org.apache.tomcat.util.net.SocketProcessorBase.run(SocketProcessorBase.java:49)
	at org.apache.tomcat.util.threads.ThreadPoolExecutor.runWorker(ThreadPoolExecutor.java:1191)
	at org.apache.tomcat.util.threads.ThreadPoolExecutor$Worker.run(ThreadPoolExecutor.java:659)
	at org.apache.tomcat.util.threads.TaskThread$WrappingRunnable.run(TaskThread.java:61)
	at java.base/java.lang.Thread.run(Thread.java:829)
20:02:32.365 [http-nio-80-exec-1] ERROR o.a.c.c.C.[.[localhost].[/].[dispatcherServlet] - Servlet.service() for servlet [dispatcherServlet] in context with path [] threw exception [Request processing failed; nested exception is org.springframework.dao.DataIntegrityViolationException: 
### Error updating database.  Cause: com.mysql.cj.jdbc.exceptions.MysqlDataTruncation: Data truncation: Data too long for column 'phoneNum' at row 1
### The error may exist in com/itbaizhan/travel/mapper/MemberMapper.java (best guess)
### The error may involve com.itbaizhan.travel.mapper.MemberMapper.insert-Inline
### The error occurred while setting parameters
### SQL: INSERT INTO member  ( username, password, email, phoneNum, sex,  active, activeCode )  VALUES  ( ?, ?, ?, ?, ?,  ?, ? )
### Cause: com.mysql.cj.jdbc.exceptions.MysqlDataTruncation: Data truncation: Data too long for column 'phoneNum' at row 1
; Data truncation: Data too long for column 'phoneNum' at row 1; nested exception is com.mysql.cj.jdbc.exceptions.MysqlDataTruncation: Data truncation: Data too long for column 'phoneNum' at row 1] with root cause
com.mysql.cj.jdbc.exceptions.MysqlDataTruncation: Data truncation: Data too long for column 'phoneNum' at row 1
	at com.mysql.cj.jdbc.exceptions.SQLExceptionsMapping.translateException(SQLExceptionsMapping.java:104)
	at com.mysql.cj.jdbc.ClientPreparedStatement.executeInternal(ClientPreparedStatement.java:916)
	at com.mysql.cj.jdbc.ClientPreparedStatement.execute(ClientPreparedStatement.java:354)
	at com.zaxxer.hikari.pool.ProxyPreparedStatement.execute(ProxyPreparedStatement.java:44)
	at com.zaxxer.hikari.pool.HikariProxyPreparedStatement.execute(HikariProxyPreparedStatement.java)
	at jdk.internal.reflect.GeneratedMethodAccessor91.invoke(Unknown Source)
	at java.base/jdk.internal.reflect.DelegatingMethodAccessorImpl.invoke(DelegatingMethodAccessorImpl.java:43)
	at java.base/java.lang.reflect.Method.invoke(Method.java:566)
	at org.apache.ibatis.logging.jdbc.PreparedStatementLogger.invoke(PreparedStatementLogger.java:59)
	at com.sun.proxy.$Proxy111.execute(Unknown Source)
	at org.apache.ibatis.executor.statement.PreparedStatementHandler.update(PreparedStatementHandler.java:47)
	at org.apache.ibatis.executor.statement.RoutingStatementHandler.update(RoutingStatementHandler.java:74)
	at java.base/jdk.internal.reflect.NativeMethodAccessorImpl.invoke0(Native Method)
	at java.base/jdk.internal.reflect.NativeMethodAccessorImpl.invoke(NativeMethodAccessorImpl.java:62)
	at java.base/jdk.internal.reflect.DelegatingMethodAccessorImpl.invoke(DelegatingMethodAccessorImpl.java:43)
	at java.base/java.lang.reflect.Method.invoke(Method.java:566)
	at org.apache.ibatis.plugin.Plugin.invoke(Plugin.java:64)
	at com.sun.proxy.$Proxy109.update(Unknown Source)
	at org.apache.ibatis.executor.SimpleExecutor.doUpdate(SimpleExecutor.java:50)
	at org.apache.ibatis.executor.BaseExecutor.update(BaseExecutor.java:117)
	at org.apache.ibatis.executor.CachingExecutor.update(CachingExecutor.java:76)
	at java.base/jdk.internal.reflect.NativeMethodAccessorImpl.invoke0(Native Method)
	at java.base/jdk.internal.reflect.NativeMethodAccessorImpl.invoke(NativeMethodAccessorImpl.java:62)
	at java.base/jdk.internal.reflect.DelegatingMethodAccessorImpl.invoke(DelegatingMethodAccessorImpl.java:43)
	at java.base/java.lang.reflect.Method.invoke(Method.java:566)
	at org.apache.ibatis.plugin.Invocation.proceed(Invocation.java:49)
	at com.baomidou.mybatisplus.extension.plugins.MybatisPlusInterceptor.intercept(MybatisPlusInterceptor.java:106)
	at org.apache.ibatis.plugin.Plugin.invoke(Plugin.java:62)
	at com.sun.proxy.$Proxy108.update(Unknown Source)
	at org.apache.ibatis.session.defaults.DefaultSqlSession.update(DefaultSqlSession.java:194)
	at org.apache.ibatis.session.defaults.DefaultSqlSession.insert(DefaultSqlSession.java:181)
	at java.base/jdk.internal.reflect.NativeMethodAccessorImpl.invoke0(Native Method)
	at java.base/jdk.internal.reflect.NativeMethodAccessorImpl.invoke(NativeMethodAccessorImpl.java:62)
	at java.base/jdk.internal.reflect.DelegatingMethodAccessorImpl.invoke(DelegatingMethodAccessorImpl.java:43)
	at java.base/java.lang.reflect.Method.invoke(Method.java:566)
	at org.mybatis.spring.SqlSessionTemplate$SqlSessionInterceptor.invoke(SqlSessionTemplate.java:427)
	at com.sun.proxy.$Proxy74.insert(Unknown Source)
	at org.mybatis.spring.SqlSessionTemplate.insert(SqlSessionTemplate.java:272)
	at com.baomidou.mybatisplus.core.override.MybatisMapperMethod.execute(MybatisMapperMethod.java:59)
	at com.baomidou.mybatisplus.core.override.MybatisMapperProxy$PlainMethodInvoker.invoke(MybatisMapperProxy.java:148)
	at com.baomidou.mybatisplus.core.override.MybatisMapperProxy.invoke(MybatisMapperProxy.java:89)
	at com.sun.proxy.$Proxy89.insert(Unknown Source)
	at com.itbaizhan.travel.service.MemberService.register(MemberService.java:91)
	at com.itbaizhan.travel.service.MemberService$$FastClassBySpringCGLIB$$65e0e26f.invoke(<generated>)
	at org.springframework.cglib.proxy.MethodProxy.invoke(MethodProxy.java:218)
	at org.springframework.aop.framework.CglibAopProxy$CglibMethodInvocation.invokeJoinpoint(CglibAopProxy.java:793)
	at org.springframework.aop.framework.ReflectiveMethodInvocation.proceed(ReflectiveMethodInvocation.java:163)
	at org.springframework.aop.framework.CglibAopProxy$CglibMethodInvocation.proceed(CglibAopProxy.java:763)
	at org.springframework.transaction.interceptor.TransactionInterceptor$1.proceedWithInvocation(TransactionInterceptor.java:123)
	at org.springframework.transaction.interceptor.TransactionAspectSupport.invokeWithinTransaction(TransactionAspectSupport.java:388)
	at org.springframework.transaction.interceptor.TransactionInterceptor.invoke(TransactionInterceptor.java:119)
	at org.springframework.aop.framework.ReflectiveMethodInvocation.proceed(ReflectiveMethodInvocation.java:186)
	at org.springframework.aop.framework.CglibAopProxy$CglibMethodInvocation.proceed(CglibAopProxy.java:763)
	at org.springframework.aop.framework.CglibAopProxy$DynamicAdvisedInterceptor.intercept(CglibAopProxy.java:708)
	at com.itbaizhan.travel.service.MemberService$$EnhancerBySpringCGLIB$$dbb03ae8.register(<generated>)
	at com.itbaizhan.travel.controller.frontdesk.MemberController.register(MemberController.java:33)
	at java.base/jdk.internal.reflect.NativeMethodAccessorImpl.invoke0(Native Method)
	at java.base/jdk.internal.reflect.NativeMethodAccessorImpl.invoke(NativeMethodAccessorImpl.java:62)
	at java.base/jdk.internal.reflect.DelegatingMethodAccessorImpl.invoke(DelegatingMethodAccessorImpl.java:43)
	at java.base/java.lang.reflect.Method.invoke(Method.java:566)
	at org.springframework.web.method.support.InvocableHandlerMethod.doInvoke(InvocableHandlerMethod.java:205)
	at org.springframework.web.method.support.InvocableHandlerMethod.invokeForRequest(InvocableHandlerMethod.java:150)
	at org.springframework.web.servlet.mvc.method.annotation.ServletInvocableHandlerMethod.invokeAndHandle(ServletInvocableHandlerMethod.java:117)
	at org.springframework.web.servlet.mvc.method.annotation.RequestMappingHandlerAdapter.invokeHandlerMethod(RequestMappingHandlerAdapter.java:895)
	at org.springframework.web.servlet.mvc.method.annotation.RequestMappingHandlerAdapter.handleInternal(RequestMappingHandlerAdapter.java:808)
	at org.springframework.web.servlet.mvc.method.AbstractHandlerMethodAdapter.handle(AbstractHandlerMethodAdapter.java:87)
	at org.springframework.web.servlet.DispatcherServlet.doDispatch(DispatcherServlet.java:1067)
	at org.springframework.web.servlet.DispatcherServlet.doService(DispatcherServlet.java:963)
	at org.springframework.web.servlet.FrameworkServlet.processRequest(FrameworkServlet.java:1006)
	at org.springframework.web.servlet.FrameworkServlet.doPost(FrameworkServlet.java:909)
	at javax.servlet.http.HttpServlet.service(HttpServlet.java:681)
	at org.springframework.web.servlet.FrameworkServlet.service(FrameworkServlet.java:883)
	at javax.servlet.http.HttpServlet.service(HttpServlet.java:764)
	at org.apache.catalina.core.ApplicationFilterChain.internalDoFilter(ApplicationFilterChain.java:227)
	at org.apache.catalina.core.ApplicationFilterChain.doFilter(ApplicationFilterChain.java:162)
	at org.apache.tomcat.websocket.server.WsFilter.doFilter(WsFilter.java:53)
	at org.apache.catalina.core.ApplicationFilterChain.internalDoFilter(ApplicationFilterChain.java:189)
	at org.apache.catalina.core.ApplicationFilterChain.doFilter(ApplicationFilterChain.java:162)
	at org.springframework.security.web.FilterChainProxy$VirtualFilterChain.doFilter(FilterChainProxy.java:327)
	at org.springframework.security.web.access.intercept.FilterSecurityInterceptor.invoke(FilterSecurityInterceptor.java:115)
	at org.springframework.security.web.access.intercept.FilterSecurityInterceptor.doFilter(FilterSecurityInterceptor.java:81)
	at org.springframework.security.web.FilterChainProxy$VirtualFilterChain.doFilter(FilterChainProxy.java:336)
	at org.springframework.security.web.access.ExceptionTranslationFilter.doFilter(ExceptionTranslationFilter.java:122)
	at org.springframework.security.web.access.ExceptionTranslationFilter.doFilter(ExceptionTranslationFilter.java:116)
	at org.springframework.security.web.FilterChainProxy$VirtualFilterChain.doFilter(FilterChainProxy.java:336)
	at org.springframework.security.web.session.SessionManagementFilter.doFilter(SessionManagementFilter.java:126)
	at org.springframework.security.web.session.SessionManagementFilter.doFilter(SessionManagementFilter.java:81)
	at org.springframework.security.web.FilterChainProxy$VirtualFilterChain.doFilter(FilterChainProxy.java:336)
	at org.springframework.security.web.authentication.AnonymousAuthenticationFilter.doFilter(AnonymousAuthenticationFilter.java:109)
	at org.springframework.security.web.FilterChainProxy$VirtualFilterChain.doFilter(FilterChainProxy.java:336)
	at org.springframework.security.web.servletapi.SecurityContextHolderAwareRequestFilter.doFilter(SecurityContextHolderAwareRequestFilter.java:149)
	at org.springframework.security.web.FilterChainProxy$VirtualFilterChain.doFilter(FilterChainProxy.java:336)
	at org.springframework.security.web.savedrequest.RequestCacheAwareFilter.doFilter(RequestCacheAwareFilter.java:63)
	at org.springframework.security.web.FilterChainProxy$VirtualFilterChain.doFilter(FilterChainProxy.java:336)
	at org.springframework.security.web.authentication.AbstractAuthenticationProcessingFilter.doFilter(AbstractAuthenticationProcessingFilter.java:223)
	at org.springframework.security.web.authentication.AbstractAuthenticationProcessingFilter.doFilter(AbstractAuthenticationProcessingFilter.java:217)
	at org.springframework.security.web.FilterChainProxy$VirtualFilterChain.doFilter(FilterChainProxy.java:336)
	at org.springframework.security.web.authentication.logout.LogoutFilter.doFilter(LogoutFilter.java:103)
	at org.springframework.security.web.authentication.logout.LogoutFilter.doFilter(LogoutFilter.java:89)
	at org.springframework.security.web.FilterChainProxy$VirtualFilterChain.doFilter(FilterChainProxy.java:336)
	at org.springframework.web.filter.CorsFilter.doFilterInternal(CorsFilter.java:91)
	at org.springframework.web.filter.OncePerRequestFilter.doFilter(OncePerRequestFilter.java:117)
	at org.springframework.security.web.FilterChainProxy$VirtualFilterChain.doFilter(FilterChainProxy.java:336)
	at org.springframework.security.web.header.HeaderWriterFilter.doHeadersAfter(HeaderWriterFilter.java:90)
	at org.springframework.security.web.header.HeaderWriterFilter.doFilterInternal(HeaderWriterFilter.java:75)
	at org.springframework.web.filter.OncePerRequestFilter.doFilter(OncePerRequestFilter.java:117)
	at org.springframework.security.web.FilterChainProxy$VirtualFilterChain.doFilter(FilterChainProxy.java:336)
	at org.springframework.security.web.context.SecurityContextPersistenceFilter.doFilter(SecurityContextPersistenceFilter.java:112)
	at org.springframework.security.web.context.SecurityContextPersistenceFilter.doFilter(SecurityContextPersistenceFilter.java:82)
	at org.springframework.security.web.FilterChainProxy$VirtualFilterChain.doFilter(FilterChainProxy.java:336)
	at org.springframework.security.web.context.request.async.WebAsyncManagerIntegrationFilter.doFilterInternal(WebAsyncManagerIntegrationFilter.java:55)
	at org.springframework.web.filter.OncePerRequestFilter.doFilter(OncePerRequestFilter.java:117)
	at org.springframework.security.web.FilterChainProxy$VirtualFilterChain.doFilter(FilterChainProxy.java:336)
	at org.springframework.security.web.session.DisableEncodeUrlFilter.doFilterInternal(DisableEncodeUrlFilter.java:42)
	at org.springframework.web.filter.OncePerRequestFilter.doFilter(OncePerRequestFilter.java:117)
	at org.springframework.security.web.FilterChainProxy$VirtualFilterChain.doFilter(FilterChainProxy.java:336)
	at org.springframework.security.web.FilterChainProxy.doFilterInternal(FilterChainProxy.java:211)
	at org.springframework.security.web.FilterChainProxy.doFilter(FilterChainProxy.java:183)
	at org.springframework.web.filter.DelegatingFilterProxy.invokeDelegate(DelegatingFilterProxy.java:354)
	at org.springframework.web.filter.DelegatingFilterProxy.doFilter(DelegatingFilterProxy.java:267)
	at org.apache.catalina.core.ApplicationFilterChain.internalDoFilter(ApplicationFilterChain.java:189)
	at org.apache.catalina.core.ApplicationFilterChain.doFilter(ApplicationFilterChain.java:162)
	at org.springframework.web.filter.RequestContextFilter.doFilterInternal(RequestContextFilter.java:100)
	at org.springframework.web.filter.OncePerRequestFilter.doFilter(OncePerRequestFilter.java:117)
	at org.apache.catalina.core.ApplicationFilterChain.internalDoFilter(ApplicationFilterChain.java:189)
	at org.apache.catalina.core.ApplicationFilterChain.doFilter(ApplicationFilterChain.java:162)
	at org.springframework.web.filter.FormContentFilter.doFilterInternal(FormContentFilter.java:93)
	at org.springframework.web.filter.OncePerRequestFilter.doFilter(OncePerRequestFilter.java:117)
	at org.apache.catalina.core.ApplicationFilterChain.internalDoFilter(ApplicationFilterChain.java:189)
	at org.apache.catalina.core.ApplicationFilterChain.doFilter(ApplicationFilterChain.java:162)
	at org.springframework.web.filter.CharacterEncodingFilter.doFilterInternal(CharacterEncodingFilter.java:201)
	at org.springframework.web.filter.OncePerRequestFilter.doFilter(OncePerRequestFilter.java:117)
	at org.apache.catalina.core.ApplicationFilterChain.internalDoFilter(ApplicationFilterChain.java:189)
	at org.apache.catalina.core.ApplicationFilterChain.doFilter(ApplicationFilterChain.java:162)
	at org.apache.catalina.core.StandardWrapperValve.invoke(StandardWrapperValve.java:197)
	at org.apache.catalina.core.StandardContextValve.invoke(StandardContextValve.java:97)
	at org.apache.catalina.authenticator.AuthenticatorBase.invoke(AuthenticatorBase.java:541)
	at org.apache.catalina.core.StandardHostValve.invoke(StandardHostValve.java:135)
	at org.apache.catalina.valves.ErrorReportValve.invoke(ErrorReportValve.java:92)
	at org.apache.catalina.core.StandardEngineValve.invoke(StandardEngineValve.java:78)
	at org.apache.catalina.connector.CoyoteAdapter.service(CoyoteAdapter.java:360)
	at org.apache.coyote.http11.Http11Processor.service(Http11Processor.java:399)
	at org.apache.coyote.AbstractProcessorLight.process(AbstractProcessorLight.java:65)
	at org.apache.coyote.AbstractProtocol$ConnectionHandler.process(AbstractProtocol.java:890)
	at org.apache.tomcat.util.net.NioEndpoint$SocketProcessor.doRun(NioEndpoint.java:1787)
	at org.apache.tomcat.util.net.SocketProcessorBase.run(SocketProcessorBase.java:49)
	at org.apache.tomcat.util.threads.ThreadPoolExecutor.runWorker(ThreadPoolExecutor.java:1191)
	at org.apache.tomcat.util.threads.ThreadPoolExecutor$Worker.run(ThreadPoolExecutor.java:659)
	at org.apache.tomcat.util.threads.TaskThread$WrappingRunnable.run(TaskThread.java:61)
	at java.base/java.lang.Thread.run(Thread.java:829)
20:02:33.024 [http-nio-80-exec-7] ERROR o.a.c.c.C.[.[localhost].[/].[dispatcherServlet] - Servlet.service() for servlet [dispatcherServlet] in context with path [] threw exception [Request processing failed; nested exception is org.springframework.dao.DataIntegrityViolationException: 
### Error updating database.  Cause: com.mysql.cj.jdbc.exceptions.MysqlDataTruncation: Data truncation: Data too long for column 'phoneNum' at row 1
### The error may exist in com/itbaizhan/travel/mapper/MemberMapper.java (best guess)
### The error may involve com.itbaizhan.travel.mapper.MemberMapper.insert-Inline
### The error occurred while setting parameters
### SQL: INSERT INTO member  ( username, password, email, phoneNum, sex, birthday, active, activeCode )  VALUES  ( ?, ?, ?, ?, ?, ?, ?, ? )
### Cause: com.mysql.cj.jdbc.exceptions.MysqlDataTruncation: Data truncation: Data too long for column 'phoneNum' at row 1
; Data truncation: Data too long for column 'phoneNum' at row 1; nested exception is com.mysql.cj.jdbc.exceptions.MysqlDataTruncation: Data truncation: Data too long for column 'phoneNum' at row 1] with root cause
com.mysql.cj.jdbc.exceptions.MysqlDataTruncation: Data truncation: Data too long for column 'phoneNum' at row 1
	at com.mysql.cj.jdbc.exceptions.SQLExceptionsMapping.translateException(SQLExceptionsMapping.java:104)
	at com.mysql.cj.jdbc.ClientPreparedStatement.executeInternal(ClientPreparedStatement.java:916)
	at com.mysql.cj.jdbc.ClientPreparedStatement.execute(ClientPreparedStatement.java:354)
	at com.zaxxer.hikari.pool.ProxyPreparedStatement.execute(ProxyPreparedStatement.java:44)
	at com.zaxxer.hikari.pool.HikariProxyPreparedStatement.execute(HikariProxyPreparedStatement.java)
	at jdk.internal.reflect.GeneratedMethodAccessor91.invoke(Unknown Source)
	at java.base/jdk.internal.reflect.DelegatingMethodAccessorImpl.invoke(DelegatingMethodAccessorImpl.java:43)
	at java.base/java.lang.reflect.Method.invoke(Method.java:566)
	at org.apache.ibatis.logging.jdbc.PreparedStatementLogger.invoke(PreparedStatementLogger.java:59)
	at com.sun.proxy.$Proxy111.execute(Unknown Source)
	at org.apache.ibatis.executor.statement.PreparedStatementHandler.update(PreparedStatementHandler.java:47)
	at org.apache.ibatis.executor.statement.RoutingStatementHandler.update(RoutingStatementHandler.java:74)
	at java.base/jdk.internal.reflect.NativeMethodAccessorImpl.invoke0(Native Method)
	at java.base/jdk.internal.reflect.NativeMethodAccessorImpl.invoke(NativeMethodAccessorImpl.java:62)
	at java.base/jdk.internal.reflect.DelegatingMethodAccessorImpl.invoke(DelegatingMethodAccessorImpl.java:43)
	at java.base/java.lang.reflect.Method.invoke(Method.java:566)
	at org.apache.ibatis.plugin.Plugin.invoke(Plugin.java:64)
	at com.sun.proxy.$Proxy109.update(Unknown Source)
	at org.apache.ibatis.executor.SimpleExecutor.doUpdate(SimpleExecutor.java:50)
	at org.apache.ibatis.executor.BaseExecutor.update(BaseExecutor.java:117)
	at org.apache.ibatis.executor.CachingExecutor.update(CachingExecutor.java:76)
	at java.base/jdk.internal.reflect.NativeMethodAccessorImpl.invoke0(Native Method)
	at java.base/jdk.internal.reflect.NativeMethodAccessorImpl.invoke(NativeMethodAccessorImpl.java:62)
	at java.base/jdk.internal.reflect.DelegatingMethodAccessorImpl.invoke(DelegatingMethodAccessorImpl.java:43)
	at java.base/java.lang.reflect.Method.invoke(Method.java:566)
	at org.apache.ibatis.plugin.Invocation.proceed(Invocation.java:49)
	at com.baomidou.mybatisplus.extension.plugins.MybatisPlusInterceptor.intercept(MybatisPlusInterceptor.java:106)
	at org.apache.ibatis.plugin.Plugin.invoke(Plugin.java:62)
	at com.sun.proxy.$Proxy108.update(Unknown Source)
	at org.apache.ibatis.session.defaults.DefaultSqlSession.update(DefaultSqlSession.java:194)
	at org.apache.ibatis.session.defaults.DefaultSqlSession.insert(DefaultSqlSession.java:181)
	at java.base/jdk.internal.reflect.NativeMethodAccessorImpl.invoke0(Native Method)
	at java.base/jdk.internal.reflect.NativeMethodAccessorImpl.invoke(NativeMethodAccessorImpl.java:62)
	at java.base/jdk.internal.reflect.DelegatingMethodAccessorImpl.invoke(DelegatingMethodAccessorImpl.java:43)
	at java.base/java.lang.reflect.Method.invoke(Method.java:566)
	at org.mybatis.spring.SqlSessionTemplate$SqlSessionInterceptor.invoke(SqlSessionTemplate.java:427)
	at com.sun.proxy.$Proxy74.insert(Unknown Source)
	at org.mybatis.spring.SqlSessionTemplate.insert(SqlSessionTemplate.java:272)
	at com.baomidou.mybatisplus.core.override.MybatisMapperMethod.execute(MybatisMapperMethod.java:59)
	at com.baomidou.mybatisplus.core.override.MybatisMapperProxy$PlainMethodInvoker.invoke(MybatisMapperProxy.java:148)
	at com.baomidou.mybatisplus.core.override.MybatisMapperProxy.invoke(MybatisMapperProxy.java:89)
	at com.sun.proxy.$Proxy89.insert(Unknown Source)
	at com.itbaizhan.travel.service.MemberService.register(MemberService.java:91)
	at com.itbaizhan.travel.service.MemberService$$FastClassBySpringCGLIB$$65e0e26f.invoke(<generated>)
	at org.springframework.cglib.proxy.MethodProxy.invoke(MethodProxy.java:218)
	at org.springframework.aop.framework.CglibAopProxy$CglibMethodInvocation.invokeJoinpoint(CglibAopProxy.java:793)
	at org.springframework.aop.framework.ReflectiveMethodInvocation.proceed(ReflectiveMethodInvocation.java:163)
	at org.springframework.aop.framework.CglibAopProxy$CglibMethodInvocation.proceed(CglibAopProxy.java:763)
	at org.springframework.transaction.interceptor.TransactionInterceptor$1.proceedWithInvocation(TransactionInterceptor.java:123)
	at org.springframework.transaction.interceptor.TransactionAspectSupport.invokeWithinTransaction(TransactionAspectSupport.java:388)
	at org.springframework.transaction.interceptor.TransactionInterceptor.invoke(TransactionInterceptor.java:119)
	at org.springframework.aop.framework.ReflectiveMethodInvocation.proceed(ReflectiveMethodInvocation.java:186)
	at org.springframework.aop.framework.CglibAopProxy$CglibMethodInvocation.proceed(CglibAopProxy.java:763)
	at org.springframework.aop.framework.CglibAopProxy$DynamicAdvisedInterceptor.intercept(CglibAopProxy.java:708)
	at com.itbaizhan.travel.service.MemberService$$EnhancerBySpringCGLIB$$dbb03ae8.register(<generated>)
	at com.itbaizhan.travel.controller.frontdesk.MemberController.register(MemberController.java:33)
	at java.base/jdk.internal.reflect.NativeMethodAccessorImpl.invoke0(Native Method)
	at java.base/jdk.internal.reflect.NativeMethodAccessorImpl.invoke(NativeMethodAccessorImpl.java:62)
	at java.base/jdk.internal.reflect.DelegatingMethodAccessorImpl.invoke(DelegatingMethodAccessorImpl.java:43)
	at java.base/java.lang.reflect.Method.invoke(Method.java:566)
	at org.springframework.web.method.support.InvocableHandlerMethod.doInvoke(InvocableHandlerMethod.java:205)
	at org.springframework.web.method.support.InvocableHandlerMethod.invokeForRequest(InvocableHandlerMethod.java:150)
	at org.springframework.web.servlet.mvc.method.annotation.ServletInvocableHandlerMethod.invokeAndHandle(ServletInvocableHandlerMethod.java:117)
	at org.springframework.web.servlet.mvc.method.annotation.RequestMappingHandlerAdapter.invokeHandlerMethod(RequestMappingHandlerAdapter.java:895)
	at org.springframework.web.servlet.mvc.method.annotation.RequestMappingHandlerAdapter.handleInternal(RequestMappingHandlerAdapter.java:808)
	at org.springframework.web.servlet.mvc.method.AbstractHandlerMethodAdapter.handle(AbstractHandlerMethodAdapter.java:87)
	at org.springframework.web.servlet.DispatcherServlet.doDispatch(DispatcherServlet.java:1067)
	at org.springframework.web.servlet.DispatcherServlet.doService(DispatcherServlet.java:963)
	at org.springframework.web.servlet.FrameworkServlet.processRequest(FrameworkServlet.java:1006)
	at org.springframework.web.servlet.FrameworkServlet.doPost(FrameworkServlet.java:909)
	at javax.servlet.http.HttpServlet.service(HttpServlet.java:681)
	at org.springframework.web.servlet.FrameworkServlet.service(FrameworkServlet.java:883)
	at javax.servlet.http.HttpServlet.service(HttpServlet.java:764)
	at org.apache.catalina.core.ApplicationFilterChain.internalDoFilter(ApplicationFilterChain.java:227)
	at org.apache.catalina.core.ApplicationFilterChain.doFilter(ApplicationFilterChain.java:162)
	at org.apache.tomcat.websocket.server.WsFilter.doFilter(WsFilter.java:53)
	at org.apache.catalina.core.ApplicationFilterChain.internalDoFilter(ApplicationFilterChain.java:189)
	at org.apache.catalina.core.ApplicationFilterChain.doFilter(ApplicationFilterChain.java:162)
	at org.springframework.security.web.FilterChainProxy$VirtualFilterChain.doFilter(FilterChainProxy.java:327)
	at org.springframework.security.web.access.intercept.FilterSecurityInterceptor.invoke(FilterSecurityInterceptor.java:115)
	at org.springframework.security.web.access.intercept.FilterSecurityInterceptor.doFilter(FilterSecurityInterceptor.java:81)
	at org.springframework.security.web.FilterChainProxy$VirtualFilterChain.doFilter(FilterChainProxy.java:336)
	at org.springframework.security.web.access.ExceptionTranslationFilter.doFilter(ExceptionTranslationFilter.java:122)
	at org.springframework.security.web.access.ExceptionTranslationFilter.doFilter(ExceptionTranslationFilter.java:116)
	at org.springframework.security.web.FilterChainProxy$VirtualFilterChain.doFilter(FilterChainProxy.java:336)
	at org.springframework.security.web.session.SessionManagementFilter.doFilter(SessionManagementFilter.java:126)
	at org.springframework.security.web.session.SessionManagementFilter.doFilter(SessionManagementFilter.java:81)
	at org.springframework.security.web.FilterChainProxy$VirtualFilterChain.doFilter(FilterChainProxy.java:336)
	at org.springframework.security.web.authentication.AnonymousAuthenticationFilter.doFilter(AnonymousAuthenticationFilter.java:109)
	at org.springframework.security.web.FilterChainProxy$VirtualFilterChain.doFilter(FilterChainProxy.java:336)
	at org.springframework.security.web.servletapi.SecurityContextHolderAwareRequestFilter.doFilter(SecurityContextHolderAwareRequestFilter.java:149)
	at org.springframework.security.web.FilterChainProxy$VirtualFilterChain.doFilter(FilterChainProxy.java:336)
	at org.springframework.security.web.savedrequest.RequestCacheAwareFilter.doFilter(RequestCacheAwareFilter.java:63)
	at org.springframework.security.web.FilterChainProxy$VirtualFilterChain.doFilter(FilterChainProxy.java:336)
	at org.springframework.security.web.authentication.AbstractAuthenticationProcessingFilter.doFilter(AbstractAuthenticationProcessingFilter.java:223)
	at org.springframework.security.web.authentication.AbstractAuthenticationProcessingFilter.doFilter(AbstractAuthenticationProcessingFilter.java:217)
	at org.springframework.security.web.FilterChainProxy$VirtualFilterChain.doFilter(FilterChainProxy.java:336)
	at org.springframework.security.web.authentication.logout.LogoutFilter.doFilter(LogoutFilter.java:103)
	at org.springframework.security.web.authentication.logout.LogoutFilter.doFilter(LogoutFilter.java:89)
	at org.springframework.security.web.FilterChainProxy$VirtualFilterChain.doFilter(FilterChainProxy.java:336)
	at org.springframework.web.filter.CorsFilter.doFilterInternal(CorsFilter.java:91)
	at org.springframework.web.filter.OncePerRequestFilter.doFilter(OncePerRequestFilter.java:117)
	at org.springframework.security.web.FilterChainProxy$VirtualFilterChain.doFilter(FilterChainProxy.java:336)
	at org.springframework.security.web.header.HeaderWriterFilter.doHeadersAfter(HeaderWriterFilter.java:90)
	at org.springframework.security.web.header.HeaderWriterFilter.doFilterInternal(HeaderWriterFilter.java:75)
	at org.springframework.web.filter.OncePerRequestFilter.doFilter(OncePerRequestFilter.java:117)
	at org.springframework.security.web.FilterChainProxy$VirtualFilterChain.doFilter(FilterChainProxy.java:336)
	at org.springframework.security.web.context.SecurityContextPersistenceFilter.doFilter(SecurityContextPersistenceFilter.java:112)
	at org.springframework.security.web.context.SecurityContextPersistenceFilter.doFilter(SecurityContextPersistenceFilter.java:82)
	at org.springframework.security.web.FilterChainProxy$VirtualFilterChain.doFilter(FilterChainProxy.java:336)
	at org.springframework.security.web.context.request.async.WebAsyncManagerIntegrationFilter.doFilterInternal(WebAsyncManagerIntegrationFilter.java:55)
	at org.springframework.web.filter.OncePerRequestFilter.doFilter(OncePerRequestFilter.java:117)
	at org.springframework.security.web.FilterChainProxy$VirtualFilterChain.doFilter(FilterChainProxy.java:336)
	at org.springframework.security.web.session.DisableEncodeUrlFilter.doFilterInternal(DisableEncodeUrlFilter.java:42)
	at org.springframework.web.filter.OncePerRequestFilter.doFilter(OncePerRequestFilter.java:117)
	at org.springframework.security.web.FilterChainProxy$VirtualFilterChain.doFilter(FilterChainProxy.java:336)
	at org.springframework.security.web.FilterChainProxy.doFilterInternal(FilterChainProxy.java:211)
	at org.springframework.security.web.FilterChainProxy.doFilter(FilterChainProxy.java:183)
	at org.springframework.web.filter.DelegatingFilterProxy.invokeDelegate(DelegatingFilterProxy.java:354)
	at org.springframework.web.filter.DelegatingFilterProxy.doFilter(DelegatingFilterProxy.java:267)
	at org.apache.catalina.core.ApplicationFilterChain.internalDoFilter(ApplicationFilterChain.java:189)
	at org.apache.catalina.core.ApplicationFilterChain.doFilter(ApplicationFilterChain.java:162)
	at org.springframework.web.filter.RequestContextFilter.doFilterInternal(RequestContextFilter.java:100)
	at org.springframework.web.filter.OncePerRequestFilter.doFilter(OncePerRequestFilter.java:117)
	at org.apache.catalina.core.ApplicationFilterChain.internalDoFilter(ApplicationFilterChain.java:189)
	at org.apache.catalina.core.ApplicationFilterChain.doFilter(ApplicationFilterChain.java:162)
	at org.springframework.web.filter.FormContentFilter.doFilterInternal(FormContentFilter.java:93)
	at org.springframework.web.filter.OncePerRequestFilter.doFilter(OncePerRequestFilter.java:117)
	at org.apache.catalina.core.ApplicationFilterChain.internalDoFilter(ApplicationFilterChain.java:189)
	at org.apache.catalina.core.ApplicationFilterChain.doFilter(ApplicationFilterChain.java:162)
	at org.springframework.web.filter.CharacterEncodingFilter.doFilterInternal(CharacterEncodingFilter.java:201)
	at org.springframework.web.filter.OncePerRequestFilter.doFilter(OncePerRequestFilter.java:117)
	at org.apache.catalina.core.ApplicationFilterChain.internalDoFilter(ApplicationFilterChain.java:189)
	at org.apache.catalina.core.ApplicationFilterChain.doFilter(ApplicationFilterChain.java:162)
	at org.apache.catalina.core.StandardWrapperValve.invoke(StandardWrapperValve.java:197)
	at org.apache.catalina.core.StandardContextValve.invoke(StandardContextValve.java:97)
	at org.apache.catalina.authenticator.AuthenticatorBase.invoke(AuthenticatorBase.java:541)
	at org.apache.catalina.core.StandardHostValve.invoke(StandardHostValve.java:135)
	at org.apache.catalina.valves.ErrorReportValve.invoke(ErrorReportValve.java:92)
	at org.apache.catalina.core.StandardEngineValve.invoke(StandardEngineValve.java:78)
	at org.apache.catalina.connector.CoyoteAdapter.service(CoyoteAdapter.java:360)
	at org.apache.coyote.http11.Http11Processor.service(Http11Processor.java:399)
	at org.apache.coyote.AbstractProcessorLight.process(AbstractProcessorLight.java:65)
	at org.apache.coyote.AbstractProtocol$ConnectionHandler.process(AbstractProtocol.java:890)
	at org.apache.tomcat.util.net.NioEndpoint$SocketProcessor.doRun(NioEndpoint.java:1787)
	at org.apache.tomcat.util.net.SocketProcessorBase.run(SocketProcessorBase.java:49)
	at org.apache.tomcat.util.threads.ThreadPoolExecutor.runWorker(ThreadPoolExecutor.java:1191)
	at org.apache.tomcat.util.threads.ThreadPoolExecutor$Worker.run(ThreadPoolExecutor.java:659)
	at org.apache.tomcat.util.threads.TaskThread$WrappingRunnable.run(TaskThread.java:61)
	at java.base/java.lang.Thread.run(Thread.java:829)
20:02:33.159 [http-nio-80-exec-2] INFO  com.itbaizhan.travel.AOP.LogAop - Log(url=/favicon.ico, visitTime=Sat Feb 10 20:02:33 CST 2024, executionTime=0, username=小黑子, ip=0:0:0:0:0:0:0:1, exceptionMessage=null)
20:02:38.773 [http-nio-80-exec-1] INFO  com.itbaizhan.travel.AOP.LogAop - Log(url=/frontdesk/register, visitTime=Sat Feb 10 20:02:38 CST 2024, executionTime=0, username=小黑子, ip=0:0:0:0:0:0:0:1, exceptionMessage=null)
20:02:38.868 [http-nio-80-exec-9] INFO  com.itbaizhan.travel.AOP.LogAop - Log(url=/favicon.ico, visitTime=Sat Feb 10 20:02:38 CST 2024, executionTime=0, username=小黑子, ip=0:0:0:0:0:0:0:1, exceptionMessage=null)
20:03:12.394 [http-nio-80-exec-1] INFO  com.itbaizhan.travel.AOP.LogAop - Log(url=/favicon.ico, visitTime=Sat Feb 10 20:03:12 CST 2024, executionTime=0, username=小黑子, ip=0:0:0:0:0:0:0:1, exceptionMessage=null)
20:03:56.163 [http-nio-80-exec-9] INFO  com.itbaizhan.travel.AOP.LogAop - Log(url=/favicon.ico, visitTime=Sat Feb 10 20:03:56 CST 2024, executionTime=0, username=小黑子, ip=0:0:0:0:0:0:0:1, exceptionMessage=null)
20:04:00.115 [http-nio-80-exec-10] INFO  com.itbaizhan.travel.AOP.LogAop - Log(url=/frontdesk/login, visitTime=Sat Feb 10 20:04:00 CST 2024, executionTime=0, username=小黑子, ip=0:0:0:0:0:0:0:1, exceptionMessage=null)
20:04:00.161 [http-nio-80-exec-6] INFO  com.itbaizhan.travel.AOP.LogAop - Log(url=/frontdesk/footer.html, visitTime=Sat Feb 10 20:04:00 CST 2024, executionTime=0, username=小黑子, ip=0:0:0:0:0:0:0:1, exceptionMessage=null)
20:04:00.161 [http-nio-80-exec-5] INFO  com.itbaizhan.travel.AOP.LogAop - Log(url=/frontdesk/header.html, visitTime=Sat Feb 10 20:04:00 CST 2024, executionTime=0, username=小黑子, ip=0:0:0:0:0:0:0:1, exceptionMessage=null)
20:04:00.171 [http-nio-80-exec-7] INFO  com.itbaizhan.travel.AOP.LogAop - Log(url=/favicon.ico, visitTime=Sat Feb 10 20:04:00 CST 2024, executionTime=0, username=小黑子, ip=0:0:0:0:0:0:0:1, exceptionMessage=null)
20:04:14.668 [http-nio-80-exec-8] INFO  com.itbaizhan.travel.AOP.LogAop - Log(url=/frontdesk/index, visitTime=Sat Feb 10 20:04:14 CST 2024, executionTime=0, username=小黑子, ip=0:0:0:0:0:0:0:1, exceptionMessage=null)
20:04:14.805 [http-nio-80-exec-9] INFO  com.itbaizhan.travel.AOP.LogAop - Log(url=/favicon.ico, visitTime=Sat Feb 10 20:04:14 CST 2024, executionTime=0, username=小黑子, ip=0:0:0:0:0:0:0:1, exceptionMessage=null)
20:04:18.050 [http-nio-80-exec-1] INFO  com.itbaizhan.travel.AOP.LogAop - Log(url=/favicon.ico, visitTime=Sat Feb 10 20:04:18 CST 2024, executionTime=0, username=小黑子, ip=0:0:0:0:0:0:0:1, exceptionMessage=null)
20:04:19.407 [http-nio-80-exec-2] INFO  com.itbaizhan.travel.AOP.LogAop - Log(url=/favicon.ico, visitTime=Sat Feb 10 20:04:19 CST 2024, executionTime=0, username=小黑子, ip=0:0:0:0:0:0:0:1, exceptionMessage=null)
20:04:21.528 [http-nio-80-exec-8] INFO  com.itbaizhan.travel.AOP.LogAop - Log(url=/favicon.ico, visitTime=Sat Feb 10 20:04:21 CST 2024, executionTime=0, username=小黑子, ip=0:0:0:0:0:0:0:1, exceptionMessage=null)
20:04:23.965 [http-nio-80-exec-3] INFO  com.itbaizhan.travel.AOP.LogAop - Log(url=/favicon.ico, visitTime=Sat Feb 10 20:04:23 CST 2024, executionTime=0, username=小黑子, ip=0:0:0:0:0:0:0:1, exceptionMessage=null)
20:04:27.634 [http-nio-80-exec-5] INFO  com.itbaizhan.travel.AOP.LogAop - Log(url=/favicon.ico, visitTime=Sat Feb 10 20:04:27 CST 2024, executionTime=0, username=小黑子, ip=0:0:0:0:0:0:0:1, exceptionMessage=null)
20:04:28.536 [http-nio-80-exec-6] INFO  com.itbaizhan.travel.AOP.LogAop - Log(url=/frontdesk/index, visitTime=Sat Feb 10 20:04:28 CST 2024, executionTime=0, username=小黑子, ip=0:0:0:0:0:0:0:1, exceptionMessage=null)
20:04:28.650 [http-nio-80-exec-8] INFO  com.itbaizhan.travel.AOP.LogAop - Log(url=/favicon.ico, visitTime=Sat Feb 10 20:04:28 CST 2024, executionTime=0, username=小黑子, ip=0:0:0:0:0:0:0:1, exceptionMessage=null)
20:04:29.269 [http-nio-80-exec-3] INFO  com.itbaizhan.travel.AOP.LogAop - Log(url=/frontdesk/index, visitTime=Sat Feb 10 20:04:29 CST 2024, executionTime=0, username=小黑子, ip=0:0:0:0:0:0:0:1, exceptionMessage=null)
20:04:29.384 [http-nio-80-exec-9] INFO  com.itbaizhan.travel.AOP.LogAop - Log(url=/favicon.ico, visitTime=Sat Feb 10 20:04:29 CST 2024, executionTime=0, username=小黑子, ip=0:0:0:0:0:0:0:1, exceptionMessage=null)
20:06:46.183 [http-nio-80-exec-9] INFO  com.itbaizhan.travel.AOP.LogAop - Log(url=/favicon.ico, visitTime=Sat Feb 10 20:06:46 CST 2024, executionTime=0, username=小黑子, ip=0:0:0:0:0:0:0:1, exceptionMessage=null)
20:06:46.767 [http-nio-80-exec-7] INFO  com.itbaizhan.travel.AOP.LogAop - Log(url=/favicon.ico, visitTime=Sat Feb 10 20:06:46 CST 2024, executionTime=0, username=小黑子, ip=0:0:0:0:0:0:0:1, exceptionMessage=null)
20:07:43.909 [http-nio-80-exec-10] INFO  com.itbaizhan.travel.AOP.LogAop - Log(url=/favicon.ico, visitTime=Sat Feb 10 20:07:43 CST 2024, executionTime=0, username=小黑子, ip=0:0:0:0:0:0:0:1, exceptionMessage=null)
20:07:46.594 [http-nio-80-exec-5] INFO  com.itbaizhan.travel.AOP.LogAop - Log(url=/favicon.ico, visitTime=Sat Feb 10 20:07:46 CST 2024, executionTime=0, username=小黑子, ip=0:0:0:0:0:0:0:1, exceptionMessage=null)
20:07:48.582 [http-nio-80-exec-8] INFO  com.itbaizhan.travel.AOP.LogAop - Log(url=/favicon.ico, visitTime=Sat Feb 10 20:07:48 CST 2024, executionTime=0, username=小黑子, ip=0:0:0:0:0:0:0:1, exceptionMessage=null)
20:07:49.053 [http-nio-80-exec-6] INFO  com.itbaizhan.travel.AOP.LogAop - Log(url=/favicon.ico, visitTime=Sat Feb 10 20:07:49 CST 2024, executionTime=0, username=小黑子, ip=0:0:0:0:0:0:0:1, exceptionMessage=null)
20:07:49.581 [http-nio-80-exec-8] INFO  com.itbaizhan.travel.AOP.LogAop - Log(url=/favicon.ico, visitTime=Sat Feb 10 20:07:49 CST 2024, executionTime=0, username=小黑子, ip=0:0:0:0:0:0:0:1, exceptionMessage=null)
20:07:50.135 [http-nio-80-exec-7] INFO  com.itbaizhan.travel.AOP.LogAop - Log(url=/favicon.ico, visitTime=Sat Feb 10 20:07:50 CST 2024, executionTime=0, username=小黑子, ip=0:0:0:0:0:0:0:1, exceptionMessage=null)
22:44:20.336 [SpringApplicationShutdownHook] INFO  com.zaxxer.hikari.HikariDataSource - HikariPool-1 - Shutdown initiated...
22:44:20.352 [SpringApplicationShutdownHook] INFO  com.zaxxer.hikari.HikariDataSource - HikariPool-1 - Shutdown completed.
