16:28:52.185 [main] INFO  com.itbaizhan.travel.TravelApplication - Starting TravelApplication using Java 11.0.21 on LAPTOP-MVCHB40V with PID 19536 (C:\Users\HX\IdeaProjects\travel\target\classes started by HX in C:\Users\HX\IdeaProjects\travel)
16:28:52.187 [main] INFO  com.itbaizhan.travel.TravelApplication - No active profile set, falling back to 1 default profile: "default"
16:28:53.420 [main] INFO  o.s.boot.web.embedded.tomcat.TomcatWebServer - Tomcat initialized with port(s): 80 (http)
16:28:53.430 [main] INFO  org.apache.coyote.http11.Http11NioProtocol - Initializing ProtocolHandler ["http-nio-80"]
16:28:53.430 [main] INFO  org.apache.catalina.core.StandardService - Starting service [Tomcat]
16:28:53.430 [main] INFO  org.apache.catalina.core.StandardEngine - Starting Servlet engine: [Apache Tomcat/9.0.64]
16:28:53.765 [main] INFO  o.a.c.core.ContainerBase.[Tomcat].[localhost].[/] - Initializing Spring embedded WebApplicationContext
16:28:53.765 [main] INFO  o.s.b.w.s.c.ServletWebServerApplicationContext - Root WebApplicationContext: initialization completed in 1536 ms
16:28:57.112 [main] INFO  o.s.security.web.DefaultSecurityFilterChain - Will secure any request with [org.springframework.security.web.session.DisableEncodeUrlFilter@7a3643e3, org.springframework.security.web.context.request.async.WebAsyncManagerIntegrationFilter@2729bb71, org.springframework.security.web.context.SecurityContextPersistenceFilter@7ce30c0b, org.springframework.security.web.header.HeaderWriterFilter@296676c4, org.springframework.web.filter.CorsFilter@55071497, org.springframework.security.web.authentication.logout.LogoutFilter@31693a86, org.springframework.security.web.authentication.UsernamePasswordAuthenticationFilter@69d2e517, org.springframework.security.web.savedrequest.RequestCacheAwareFilter@31f7eb8, org.springframework.security.web.servletapi.SecurityContextHolderAwareRequestFilter@6f8ac8d5, org.springframework.security.web.authentication.AnonymousAuthenticationFilter@10d98940, org.springframework.security.web.session.SessionManagementFilter@58f7215c, org.springframework.security.web.access.ExceptionTranslationFilter@37e55819, org.springframework.security.web.access.intercept.FilterSecurityInterceptor@5611bba]
16:28:57.156 [main] INFO  org.apache.coyote.http11.Http11NioProtocol - Starting ProtocolHandler ["http-nio-80"]
16:28:57.172 [main] INFO  o.s.boot.web.embedded.tomcat.TomcatWebServer - Tomcat started on port(s): 80 (http) with context path ''
16:28:57.181 [main] INFO  com.itbaizhan.travel.TravelApplication - Started TravelApplication in 5.333 seconds (JVM running for 7.259)
16:29:02.719 [http-nio-80-exec-1] INFO  o.a.c.core.ContainerBase.[Tomcat].[localhost].[/] - Initializing Spring DispatcherServlet 'dispatcherServlet'
16:29:02.720 [http-nio-80-exec-1] INFO  org.springframework.web.servlet.DispatcherServlet - Initializing Servlet 'dispatcherServlet'
16:29:02.722 [http-nio-80-exec-1] INFO  org.springframework.web.servlet.DispatcherServlet - Completed initialization in 2 ms
16:29:02.759 [http-nio-80-exec-1] INFO  com.itbaizhan.travel.AOP.LogAop - Log(url=/frontdesk/index, visitTime=Sat Jan 20 16:29:02 CST 2024, executionTime=3, username=null, ip=0:0:0:0:0:0:0:1, exceptionMessage=null)
16:29:03.261 [http-nio-80-exec-7] INFO  com.itbaizhan.travel.AOP.LogAop - Log(url=/favicon.ico, visitTime=Sat Jan 20 16:29:03 CST 2024, executionTime=1, username=null, ip=0:0:0:0:0:0:0:1, exceptionMessage=null)
16:29:03.260 [http-nio-80-exec-9] INFO  com.zaxxer.hikari.HikariDataSource - HikariPool-1 - Starting...
16:29:03.579 [http-nio-80-exec-9] INFO  com.zaxxer.hikari.HikariDataSource - HikariPool-1 - Start completed.
16:29:16.553 [http-nio-80-exec-4] INFO  com.itbaizhan.travel.AOP.LogAop - Log(url=/backstage/admin_login, visitTime=Sat Jan 20 16:29:16 CST 2024, executionTime=1, username=null, ip=0:0:0:0:0:0:0:1, exceptionMessage=null)
16:29:16.629 [http-nio-80-exec-1] INFO  com.itbaizhan.travel.AOP.LogAop - Log(url=/favicon.ico, visitTime=Sat Jan 20 16:29:16 CST 2024, executionTime=0, username=null, ip=0:0:0:0:0:0:0:1, exceptionMessage=null)
16:29:22.410 [http-nio-80-exec-5] INFO  com.itbaizhan.travel.AOP.LogAop - Log(url=/backstage/index, visitTime=Sat Jan 20 16:29:22 CST 2024, executionTime=0, username=小黑子, ip=0:0:0:0:0:0:0:1, exceptionMessage=null)
16:29:23.319 [http-nio-80-exec-5] WARN  org.apache.catalina.util.SessionIdGeneratorBase - Creation of SecureRandom instance for session ID generation using [SHA1PRNG] took [871] milliseconds.
16:29:23.462 [http-nio-80-exec-1] INFO  com.itbaizhan.travel.AOP.LogAop - Log(url=/favicon.ico, visitTime=Sat Jan 20 16:29:23 CST 2024, executionTime=0, username=小黑子, ip=0:0:0:0:0:0:0:1, exceptionMessage=null)
16:29:27.355 [http-nio-80-exec-10] INFO  com.itbaizhan.travel.AOP.LogAop - Log(url=/favicon.ico, visitTime=Sat Jan 20 16:29:27 CST 2024, executionTime=0, username=小黑子, ip=0:0:0:0:0:0:0:1, exceptionMessage=null)
16:29:33.857 [http-nio-80-exec-8] INFO  com.itbaizhan.travel.AOP.LogAop - Log(url=/favicon.ico, visitTime=Sat Jan 20 16:29:33 CST 2024, executionTime=0, username=小黑子, ip=0:0:0:0:0:0:0:1, exceptionMessage=null)
16:29:52.062 [http-nio-80-exec-3] INFO  com.itbaizhan.travel.AOP.LogAop - Log(url=/favicon.ico, visitTime=Sat Jan 20 16:29:52 CST 2024, executionTime=0, username=小黑子, ip=0:0:0:0:0:0:0:1, exceptionMessage=null)
16:29:54.177 [http-nio-80-exec-10] INFO  com.itbaizhan.travel.AOP.LogAop - Log(url=/favicon.ico, visitTime=Sat Jan 20 16:29:54 CST 2024, executionTime=0, username=小黑子, ip=0:0:0:0:0:0:0:1, exceptionMessage=null)
16:29:57.085 [http-nio-80-exec-7] INFO  com.itbaizhan.travel.AOP.LogAop - Log(url=/favicon.ico, visitTime=Sat Jan 20 16:29:57 CST 2024, executionTime=0, username=小黑子, ip=0:0:0:0:0:0:0:1, exceptionMessage=null)
16:29:58.481 [http-nio-80-exec-9] INFO  com.itbaizhan.travel.AOP.LogAop - Log(url=/favicon.ico, visitTime=Sat Jan 20 16:29:58 CST 2024, executionTime=0, username=小黑子, ip=0:0:0:0:0:0:0:1, exceptionMessage=null)
16:30:28.568 [http-nio-80-exec-3] INFO  com.itbaizhan.travel.AOP.LogAop - Log(url=/frontdesk/login, visitTime=Sat Jan 20 16:30:28 CST 2024, executionTime=0, username=小黑子, ip=0:0:0:0:0:0:0:1, exceptionMessage=null)
16:30:28.623 [http-nio-80-exec-1] INFO  com.itbaizhan.travel.AOP.LogAop - Log(url=/frontdesk/footer.html, visitTime=Sat Jan 20 16:30:28 CST 2024, executionTime=0, username=小黑子, ip=0:0:0:0:0:0:0:1, exceptionMessage=null)
16:30:28.623 [http-nio-80-exec-7] INFO  com.itbaizhan.travel.AOP.LogAop - Log(url=/frontdesk/header.html, visitTime=Sat Jan 20 16:30:28 CST 2024, executionTime=0, username=小黑子, ip=0:0:0:0:0:0:0:1, exceptionMessage=null)
16:30:28.635 [http-nio-80-exec-4] INFO  com.itbaizhan.travel.AOP.LogAop - Log(url=/favicon.ico, visitTime=Sat Jan 20 16:30:28 CST 2024, executionTime=1, username=小黑子, ip=0:0:0:0:0:0:0:1, exceptionMessage=null)
16:30:34.098 [http-nio-80-exec-1] INFO  com.itbaizhan.travel.AOP.LogAop - Log(url=/favicon.ico, visitTime=Sat Jan 20 16:30:34 CST 2024, executionTime=2, username=小黑子, ip=0:0:0:0:0:0:0:1, exceptionMessage=null)
16:30:45.960 [http-nio-80-exec-8] INFO  com.itbaizhan.travel.AOP.LogAop - Log(url=/backstage/index, visitTime=Sat Jan 20 16:30:45 CST 2024, executionTime=0, username=小黑子, ip=0:0:0:0:0:0:0:1, exceptionMessage=null)
16:30:46.064 [http-nio-80-exec-10] INFO  com.itbaizhan.travel.AOP.LogAop - Log(url=/favicon.ico, visitTime=Sat Jan 20 16:30:46 CST 2024, executionTime=0, username=小黑子, ip=0:0:0:0:0:0:0:1, exceptionMessage=null)
16:30:48.000 [http-nio-80-exec-5] INFO  com.itbaizhan.travel.AOP.LogAop - Log(url=/favicon.ico, visitTime=Sat Jan 20 16:30:48 CST 2024, executionTime=0, username=小黑子, ip=0:0:0:0:0:0:0:1, exceptionMessage=null)
16:30:48.484 [http-nio-80-exec-9] INFO  com.itbaizhan.travel.AOP.LogAop - Log(url=/frontdesk/login, visitTime=Sat Jan 20 16:30:48 CST 2024, executionTime=0, username=小黑子, ip=0:0:0:0:0:0:0:1, exceptionMessage=null)
16:30:48.515 [http-nio-80-exec-5] INFO  com.itbaizhan.travel.AOP.LogAop - Log(url=/frontdesk/header.html, visitTime=Sat Jan 20 16:30:48 CST 2024, executionTime=0, username=小黑子, ip=0:0:0:0:0:0:0:1, exceptionMessage=null)
16:30:48.515 [http-nio-80-exec-9] INFO  com.itbaizhan.travel.AOP.LogAop - Log(url=/frontdesk/footer.html, visitTime=Sat Jan 20 16:30:48 CST 2024, executionTime=0, username=小黑子, ip=0:0:0:0:0:0:0:1, exceptionMessage=null)
16:30:48.524 [http-nio-80-exec-2] INFO  com.itbaizhan.travel.AOP.LogAop - Log(url=/favicon.ico, visitTime=Sat Jan 20 16:30:48 CST 2024, executionTime=0, username=小黑子, ip=0:0:0:0:0:0:0:1, exceptionMessage=null)
16:30:51.567 [http-nio-80-exec-3] INFO  com.itbaizhan.travel.AOP.LogAop - Log(url=/favicon.ico, visitTime=Sat Jan 20 16:30:51 CST 2024, executionTime=0, username=小黑子, ip=0:0:0:0:0:0:0:1, exceptionMessage=null)
16:30:54.189 [http-nio-80-exec-10] INFO  com.itbaizhan.travel.AOP.LogAop - Log(url=/frontdesk/login, visitTime=Sat Jan 20 16:30:54 CST 2024, executionTime=0, username=小黑子, ip=0:0:0:0:0:0:0:1, exceptionMessage=null)
16:30:54.221 [http-nio-80-exec-3] INFO  com.itbaizhan.travel.AOP.LogAop - Log(url=/frontdesk/header.html, visitTime=Sat Jan 20 16:30:54 CST 2024, executionTime=0, username=小黑子, ip=0:0:0:0:0:0:0:1, exceptionMessage=null)
16:30:54.221 [http-nio-80-exec-10] INFO  com.itbaizhan.travel.AOP.LogAop - Log(url=/frontdesk/footer.html, visitTime=Sat Jan 20 16:30:54 CST 2024, executionTime=0, username=小黑子, ip=0:0:0:0:0:0:0:1, exceptionMessage=null)
16:30:54.233 [http-nio-80-exec-9] INFO  com.itbaizhan.travel.AOP.LogAop - Log(url=/favicon.ico, visitTime=Sat Jan 20 16:30:54 CST 2024, executionTime=1, username=小黑子, ip=0:0:0:0:0:0:0:1, exceptionMessage=null)
16:31:20.336 [SpringApplicationShutdownHook] INFO  com.zaxxer.hikari.HikariDataSource - HikariPool-1 - Shutdown initiated...
16:31:20.355 [SpringApplicationShutdownHook] INFO  com.zaxxer.hikari.HikariDataSource - HikariPool-1 - Shutdown completed.
16:31:26.424 [main] INFO  com.itbaizhan.travel.TravelApplication - Starting TravelApplication using Java 11.0.21 on LAPTOP-MVCHB40V with PID 14084 (C:\Users\HX\IdeaProjects\travel\target\classes started by HX in C:\Users\HX\IdeaProjects\travel)
16:31:26.427 [main] INFO  com.itbaizhan.travel.TravelApplication - No active profile set, falling back to 1 default profile: "default"
16:31:27.410 [main] INFO  o.s.boot.web.embedded.tomcat.TomcatWebServer - Tomcat initialized with port(s): 80 (http)
16:31:27.416 [main] INFO  org.apache.coyote.http11.Http11NioProtocol - Initializing ProtocolHandler ["http-nio-80"]
16:31:27.416 [main] INFO  org.apache.catalina.core.StandardService - Starting service [Tomcat]
16:31:27.416 [main] INFO  org.apache.catalina.core.StandardEngine - Starting Servlet engine: [Apache Tomcat/9.0.64]
16:31:27.489 [main] INFO  o.a.c.core.ContainerBase.[Tomcat].[localhost].[/] - Initializing Spring embedded WebApplicationContext
16:31:27.489 [main] INFO  o.s.b.w.s.c.ServletWebServerApplicationContext - Root WebApplicationContext: initialization completed in 1025 ms
16:31:30.181 [main] INFO  o.s.security.web.DefaultSecurityFilterChain - Will secure any request with [org.springframework.security.web.session.DisableEncodeUrlFilter@48b2dbc4, org.springframework.security.web.context.request.async.WebAsyncManagerIntegrationFilter@2a667f44, org.springframework.security.web.context.SecurityContextPersistenceFilter@370225c7, org.springframework.security.web.header.HeaderWriterFilter@31006a75, org.springframework.web.filter.CorsFilter@53ba7997, org.springframework.security.web.authentication.logout.LogoutFilter@b70fa38, org.springframework.security.web.authentication.UsernamePasswordAuthenticationFilter@45c423b3, org.springframework.security.web.savedrequest.RequestCacheAwareFilter@305aaedf, org.springframework.security.web.servletapi.SecurityContextHolderAwareRequestFilter@69d2e517, org.springframework.security.web.authentication.AnonymousAuthenticationFilter@3f6f9cef, org.springframework.security.web.session.SessionManagementFilter@e97f115, org.springframework.security.web.access.ExceptionTranslationFilter@ff1f465, org.springframework.security.web.access.intercept.FilterSecurityInterceptor@405d8a80]
16:31:30.216 [main] INFO  org.apache.coyote.http11.Http11NioProtocol - Starting ProtocolHandler ["http-nio-80"]
16:31:30.229 [main] INFO  o.s.boot.web.embedded.tomcat.TomcatWebServer - Tomcat started on port(s): 80 (http) with context path ''
16:31:30.238 [main] INFO  com.itbaizhan.travel.TravelApplication - Started TravelApplication in 4.115 seconds (JVM running for 5.686)
16:31:34.835 [http-nio-80-exec-1] INFO  o.a.c.core.ContainerBase.[Tomcat].[localhost].[/] - Initializing Spring DispatcherServlet 'dispatcherServlet'
16:31:34.836 [http-nio-80-exec-1] INFO  org.springframework.web.servlet.DispatcherServlet - Initializing Servlet 'dispatcherServlet'
16:31:34.836 [http-nio-80-exec-1] INFO  org.springframework.web.servlet.DispatcherServlet - Completed initialization in 0 ms
16:31:34.871 [http-nio-80-exec-1] INFO  com.itbaizhan.travel.AOP.LogAop - Log(url=/frontdesk/login, visitTime=Sat Jan 20 16:31:34 CST 2024, executionTime=3, username=null, ip=0:0:0:0:0:0:0:1, exceptionMessage=null)
16:31:35.134 [http-nio-80-exec-2] INFO  com.itbaizhan.travel.AOP.LogAop - Log(url=/frontdesk/footer.html, visitTime=Sat Jan 20 16:31:35 CST 2024, executionTime=0, username=null, ip=0:0:0:0:0:0:0:1, exceptionMessage=null)
16:31:35.134 [http-nio-80-exec-6] INFO  com.itbaizhan.travel.AOP.LogAop - Log(url=/frontdesk/header.html, visitTime=Sat Jan 20 16:31:35 CST 2024, executionTime=0, username=null, ip=0:0:0:0:0:0:0:1, exceptionMessage=null)
16:31:35.190 [http-nio-80-exec-5] INFO  com.itbaizhan.travel.AOP.LogAop - Log(url=/favicon.ico, visitTime=Sat Jan 20 16:31:35 CST 2024, executionTime=0, username=null, ip=0:0:0:0:0:0:0:1, exceptionMessage=null)
16:31:36.313 [http-nio-80-exec-4] INFO  com.itbaizhan.travel.AOP.LogAop - Log(url=/frontdesk/register, visitTime=Sat Jan 20 16:31:36 CST 2024, executionTime=0, username=null, ip=0:0:0:0:0:0:0:1, exceptionMessage=null)
16:31:37.491 [http-nio-80-exec-10] INFO  com.itbaizhan.travel.AOP.LogAop - Log(url=/frontdesk/login, visitTime=Sat Jan 20 16:31:37 CST 2024, executionTime=0, username=null, ip=0:0:0:0:0:0:0:1, exceptionMessage=null)
16:31:37.526 [http-nio-80-exec-10] INFO  com.itbaizhan.travel.AOP.LogAop - Log(url=/frontdesk/header.html, visitTime=Sat Jan 20 16:31:37 CST 2024, executionTime=0, username=null, ip=0:0:0:0:0:0:0:1, exceptionMessage=null)
16:31:37.526 [http-nio-80-exec-8] INFO  com.itbaizhan.travel.AOP.LogAop - Log(url=/frontdesk/footer.html, visitTime=Sat Jan 20 16:31:37 CST 2024, executionTime=0, username=null, ip=0:0:0:0:0:0:0:1, exceptionMessage=null)
16:31:37.533 [http-nio-80-exec-9] INFO  com.itbaizhan.travel.AOP.LogAop - Log(url=/favicon.ico, visitTime=Sat Jan 20 16:31:37 CST 2024, executionTime=0, username=null, ip=0:0:0:0:0:0:0:1, exceptionMessage=null)
16:31:37.640 [http-nio-80-exec-2] WARN  org.apache.catalina.util.SessionIdGeneratorBase - Creation of SecureRandom instance for session ID generation using [SHA1PRNG] took [886] milliseconds.
16:31:37.998 [http-nio-80-exec-1] INFO  com.zaxxer.hikari.HikariDataSource - HikariPool-1 - Starting...
16:31:38.271 [http-nio-80-exec-1] INFO  com.zaxxer.hikari.HikariDataSource - HikariPool-1 - Start completed.
16:31:38.546 [http-nio-80-exec-6] INFO  com.itbaizhan.travel.AOP.LogAop - Log(url=/favicon.ico, visitTime=Sat Jan 20 16:31:38 CST 2024, executionTime=0, username=null, ip=0:0:0:0:0:0:0:1, exceptionMessage=null)
16:31:59.467 [http-nio-80-exec-4] INFO  com.itbaizhan.travel.AOP.LogAop - Log(url=/frontdesk/login, visitTime=Sat Jan 20 16:31:59 CST 2024, executionTime=0, username=null, ip=0:0:0:0:0:0:0:1, exceptionMessage=null)
16:31:59.499 [http-nio-80-exec-8] INFO  com.itbaizhan.travel.AOP.LogAop - Log(url=/frontdesk/header.html, visitTime=Sat Jan 20 16:31:59 CST 2024, executionTime=0, username=null, ip=0:0:0:0:0:0:0:1, exceptionMessage=null)
16:31:59.499 [http-nio-80-exec-5] INFO  com.itbaizhan.travel.AOP.LogAop - Log(url=/frontdesk/footer.html, visitTime=Sat Jan 20 16:31:59 CST 2024, executionTime=0, username=null, ip=0:0:0:0:0:0:0:1, exceptionMessage=null)
16:31:59.517 [http-nio-80-exec-9] INFO  com.itbaizhan.travel.AOP.LogAop - Log(url=/favicon.ico, visitTime=Sat Jan 20 16:31:59 CST 2024, executionTime=0, username=null, ip=0:0:0:0:0:0:0:1, exceptionMessage=null)
16:32:00.490 [http-nio-80-exec-10] INFO  com.itbaizhan.travel.AOP.LogAop - Log(url=/frontdesk/register, visitTime=Sat Jan 20 16:32:00 CST 2024, executionTime=0, username=null, ip=0:0:0:0:0:0:0:1, exceptionMessage=null)
16:32:00.540 [http-nio-80-exec-1] INFO  com.itbaizhan.travel.AOP.LogAop - Log(url=/favicon.ico, visitTime=Sat Jan 20 16:32:00 CST 2024, executionTime=0, username=null, ip=0:0:0:0:0:0:0:1, exceptionMessage=null)
16:33:57.547 [http-nio-80-exec-9] ERROR o.a.c.c.C.[.[localhost].[/].[dispatcherServlet] - Servlet.service() for servlet [dispatcherServlet] in context with path [] threw exception [Request processing failed; nested exception is org.springframework.dao.DuplicateKeyException: 
### Error updating database.  Cause: java.sql.SQLIntegrityConstraintViolationException: Duplicate entry 'zhanghaonan' for key 'AK_nq_username'
### The error may exist in com/itbaizhan/travel/mapper/MemberMapper.java (best guess)
### The error may involve com.itbaizhan.travel.mapper.MemberMapper.insert-Inline
### The error occurred while setting parameters
### SQL: INSERT INTO member  ( username, password, email, phoneNum, sex, birthday, active, activeCode )  VALUES  ( ?, ?, ?, ?, ?, ?, ?, ? )
### Cause: java.sql.SQLIntegrityConstraintViolationException: Duplicate entry 'zhanghaonan' for key 'AK_nq_username'
; Duplicate entry 'zhanghaonan' for key 'AK_nq_username'; nested exception is java.sql.SQLIntegrityConstraintViolationException: Duplicate entry 'zhanghaonan' for key 'AK_nq_username'] with root cause
java.sql.SQLIntegrityConstraintViolationException: Duplicate entry 'zhanghaonan' for key 'AK_nq_username'
	at com.mysql.cj.jdbc.exceptions.SQLError.createSQLException(SQLError.java:117)
	at com.mysql.cj.jdbc.exceptions.SQLExceptionsMapping.translateException(SQLExceptionsMapping.java:122)
	at com.mysql.cj.jdbc.ClientPreparedStatement.executeInternal(ClientPreparedStatement.java:916)
	at com.mysql.cj.jdbc.ClientPreparedStatement.execute(ClientPreparedStatement.java:354)
	at com.zaxxer.hikari.pool.ProxyPreparedStatement.execute(ProxyPreparedStatement.java:44)
	at com.zaxxer.hikari.pool.HikariProxyPreparedStatement.execute(HikariProxyPreparedStatement.java)
	at java.base/jdk.internal.reflect.NativeMethodAccessorImpl.invoke0(Native Method)
	at java.base/jdk.internal.reflect.NativeMethodAccessorImpl.invoke(NativeMethodAccessorImpl.java:62)
	at java.base/jdk.internal.reflect.DelegatingMethodAccessorImpl.invoke(DelegatingMethodAccessorImpl.java:43)
	at java.base/java.lang.reflect.Method.invoke(Method.java:566)
	at org.apache.ibatis.logging.jdbc.PreparedStatementLogger.invoke(PreparedStatementLogger.java:59)
	at com.sun.proxy.$Proxy113.execute(Unknown Source)
	at org.apache.ibatis.executor.statement.PreparedStatementHandler.update(PreparedStatementHandler.java:47)
	at org.apache.ibatis.executor.statement.RoutingStatementHandler.update(RoutingStatementHandler.java:74)
	at java.base/jdk.internal.reflect.NativeMethodAccessorImpl.invoke0(Native Method)
	at java.base/jdk.internal.reflect.NativeMethodAccessorImpl.invoke(NativeMethodAccessorImpl.java:62)
	at java.base/jdk.internal.reflect.DelegatingMethodAccessorImpl.invoke(DelegatingMethodAccessorImpl.java:43)
	at java.base/java.lang.reflect.Method.invoke(Method.java:566)
	at org.apache.ibatis.plugin.Plugin.invoke(Plugin.java:64)
	at com.sun.proxy.$Proxy111.update(Unknown Source)
	at org.apache.ibatis.executor.SimpleExecutor.doUpdate(SimpleExecutor.java:50)
	at org.apache.ibatis.executor.BaseExecutor.update(BaseExecutor.java:117)
	at org.apache.ibatis.executor.CachingExecutor.update(CachingExecutor.java:76)
	at java.base/jdk.internal.reflect.NativeMethodAccessorImpl.invoke0(Native Method)
	at java.base/jdk.internal.reflect.NativeMethodAccessorImpl.invoke(NativeMethodAccessorImpl.java:62)
	at java.base/jdk.internal.reflect.DelegatingMethodAccessorImpl.invoke(DelegatingMethodAccessorImpl.java:43)
	at java.base/java.lang.reflect.Method.invoke(Method.java:566)
	at org.apache.ibatis.plugin.Invocation.proceed(Invocation.java:49)
	at com.baomidou.mybatisplus.extension.plugins.MybatisPlusInterceptor.intercept(MybatisPlusInterceptor.java:106)
	at org.apache.ibatis.plugin.Plugin.invoke(Plugin.java:62)
	at com.sun.proxy.$Proxy110.update(Unknown Source)
	at org.apache.ibatis.session.defaults.DefaultSqlSession.update(DefaultSqlSession.java:194)
	at org.apache.ibatis.session.defaults.DefaultSqlSession.insert(DefaultSqlSession.java:181)
	at java.base/jdk.internal.reflect.NativeMethodAccessorImpl.invoke0(Native Method)
	at java.base/jdk.internal.reflect.NativeMethodAccessorImpl.invoke(NativeMethodAccessorImpl.java:62)
	at java.base/jdk.internal.reflect.DelegatingMethodAccessorImpl.invoke(DelegatingMethodAccessorImpl.java:43)
	at java.base/java.lang.reflect.Method.invoke(Method.java:566)
	at org.mybatis.spring.SqlSessionTemplate$SqlSessionInterceptor.invoke(SqlSessionTemplate.java:427)
	at com.sun.proxy.$Proxy74.insert(Unknown Source)
	at org.mybatis.spring.SqlSessionTemplate.insert(SqlSessionTemplate.java:272)
	at com.baomidou.mybatisplus.core.override.MybatisMapperMethod.execute(MybatisMapperMethod.java:59)
	at com.baomidou.mybatisplus.core.override.MybatisMapperProxy$PlainMethodInvoker.invoke(MybatisMapperProxy.java:148)
	at com.baomidou.mybatisplus.core.override.MybatisMapperProxy.invoke(MybatisMapperProxy.java:89)
	at com.sun.proxy.$Proxy89.insert(Unknown Source)
	at com.itbaizhan.travel.service.MemberService.register(MemberService.java:91)
	at com.itbaizhan.travel.service.MemberService$$FastClassBySpringCGLIB$$65e0e26f.invoke(<generated>)
	at org.springframework.cglib.proxy.MethodProxy.invoke(MethodProxy.java:218)
	at org.springframework.aop.framework.CglibAopProxy$CglibMethodInvocation.invokeJoinpoint(CglibAopProxy.java:793)
	at org.springframework.aop.framework.ReflectiveMethodInvocation.proceed(ReflectiveMethodInvocation.java:163)
	at org.springframework.aop.framework.CglibAopProxy$CglibMethodInvocation.proceed(CglibAopProxy.java:763)
	at org.springframework.transaction.interceptor.TransactionInterceptor$1.proceedWithInvocation(TransactionInterceptor.java:123)
	at org.springframework.transaction.interceptor.TransactionAspectSupport.invokeWithinTransaction(TransactionAspectSupport.java:388)
	at org.springframework.transaction.interceptor.TransactionInterceptor.invoke(TransactionInterceptor.java:119)
	at org.springframework.aop.framework.ReflectiveMethodInvocation.proceed(ReflectiveMethodInvocation.java:186)
	at org.springframework.aop.framework.CglibAopProxy$CglibMethodInvocation.proceed(CglibAopProxy.java:763)
	at org.springframework.aop.framework.CglibAopProxy$DynamicAdvisedInterceptor.intercept(CglibAopProxy.java:708)
	at com.itbaizhan.travel.service.MemberService$$EnhancerBySpringCGLIB$$9bd92987.register(<generated>)
	at com.itbaizhan.travel.controller.frontdesk.MemberController.register(MemberController.java:33)
	at java.base/jdk.internal.reflect.NativeMethodAccessorImpl.invoke0(Native Method)
	at java.base/jdk.internal.reflect.NativeMethodAccessorImpl.invoke(NativeMethodAccessorImpl.java:62)
	at java.base/jdk.internal.reflect.DelegatingMethodAccessorImpl.invoke(DelegatingMethodAccessorImpl.java:43)
	at java.base/java.lang.reflect.Method.invoke(Method.java:566)
	at org.springframework.web.method.support.InvocableHandlerMethod.doInvoke(InvocableHandlerMethod.java:205)
	at org.springframework.web.method.support.InvocableHandlerMethod.invokeForRequest(InvocableHandlerMethod.java:150)
	at org.springframework.web.servlet.mvc.method.annotation.ServletInvocableHandlerMethod.invokeAndHandle(ServletInvocableHandlerMethod.java:117)
	at org.springframework.web.servlet.mvc.method.annotation.RequestMappingHandlerAdapter.invokeHandlerMethod(RequestMappingHandlerAdapter.java:895)
	at org.springframework.web.servlet.mvc.method.annotation.RequestMappingHandlerAdapter.handleInternal(RequestMappingHandlerAdapter.java:808)
	at org.springframework.web.servlet.mvc.method.AbstractHandlerMethodAdapter.handle(AbstractHandlerMethodAdapter.java:87)
	at org.springframework.web.servlet.DispatcherServlet.doDispatch(DispatcherServlet.java:1067)
	at org.springframework.web.servlet.DispatcherServlet.doService(DispatcherServlet.java:963)
	at org.springframework.web.servlet.FrameworkServlet.processRequest(FrameworkServlet.java:1006)
	at org.springframework.web.servlet.FrameworkServlet.doPost(FrameworkServlet.java:909)
	at javax.servlet.http.HttpServlet.service(HttpServlet.java:681)
	at org.springframework.web.servlet.FrameworkServlet.service(FrameworkServlet.java:883)
	at javax.servlet.http.HttpServlet.service(HttpServlet.java:764)
	at org.apache.catalina.core.ApplicationFilterChain.internalDoFilter(ApplicationFilterChain.java:227)
	at org.apache.catalina.core.ApplicationFilterChain.doFilter(ApplicationFilterChain.java:162)
	at org.apache.tomcat.websocket.server.WsFilter.doFilter(WsFilter.java:53)
	at org.apache.catalina.core.ApplicationFilterChain.internalDoFilter(ApplicationFilterChain.java:189)
	at org.apache.catalina.core.ApplicationFilterChain.doFilter(ApplicationFilterChain.java:162)
	at org.springframework.security.web.FilterChainProxy$VirtualFilterChain.doFilter(FilterChainProxy.java:327)
	at org.springframework.security.web.access.intercept.FilterSecurityInterceptor.invoke(FilterSecurityInterceptor.java:115)
	at org.springframework.security.web.access.intercept.FilterSecurityInterceptor.doFilter(FilterSecurityInterceptor.java:81)
	at org.springframework.security.web.FilterChainProxy$VirtualFilterChain.doFilter(FilterChainProxy.java:336)
	at org.springframework.security.web.access.ExceptionTranslationFilter.doFilter(ExceptionTranslationFilter.java:122)
	at org.springframework.security.web.access.ExceptionTranslationFilter.doFilter(ExceptionTranslationFilter.java:116)
	at org.springframework.security.web.FilterChainProxy$VirtualFilterChain.doFilter(FilterChainProxy.java:336)
	at org.springframework.security.web.session.SessionManagementFilter.doFilter(SessionManagementFilter.java:126)
	at org.springframework.security.web.session.SessionManagementFilter.doFilter(SessionManagementFilter.java:81)
	at org.springframework.security.web.FilterChainProxy$VirtualFilterChain.doFilter(FilterChainProxy.java:336)
	at org.springframework.security.web.authentication.AnonymousAuthenticationFilter.doFilter(AnonymousAuthenticationFilter.java:109)
	at org.springframework.security.web.FilterChainProxy$VirtualFilterChain.doFilter(FilterChainProxy.java:336)
	at org.springframework.security.web.servletapi.SecurityContextHolderAwareRequestFilter.doFilter(SecurityContextHolderAwareRequestFilter.java:149)
	at org.springframework.security.web.FilterChainProxy$VirtualFilterChain.doFilter(FilterChainProxy.java:336)
	at org.springframework.security.web.savedrequest.RequestCacheAwareFilter.doFilter(RequestCacheAwareFilter.java:63)
	at org.springframework.security.web.FilterChainProxy$VirtualFilterChain.doFilter(FilterChainProxy.java:336)
	at org.springframework.security.web.authentication.AbstractAuthenticationProcessingFilter.doFilter(AbstractAuthenticationProcessingFilter.java:223)
	at org.springframework.security.web.authentication.AbstractAuthenticationProcessingFilter.doFilter(AbstractAuthenticationProcessingFilter.java:217)
	at org.springframework.security.web.FilterChainProxy$VirtualFilterChain.doFilter(FilterChainProxy.java:336)
	at org.springframework.security.web.authentication.logout.LogoutFilter.doFilter(LogoutFilter.java:103)
	at org.springframework.security.web.authentication.logout.LogoutFilter.doFilter(LogoutFilter.java:89)
	at org.springframework.security.web.FilterChainProxy$VirtualFilterChain.doFilter(FilterChainProxy.java:336)
	at org.springframework.web.filter.CorsFilter.doFilterInternal(CorsFilter.java:91)
	at org.springframework.web.filter.OncePerRequestFilter.doFilter(OncePerRequestFilter.java:117)
	at org.springframework.security.web.FilterChainProxy$VirtualFilterChain.doFilter(FilterChainProxy.java:336)
	at org.springframework.security.web.header.HeaderWriterFilter.doHeadersAfter(HeaderWriterFilter.java:90)
	at org.springframework.security.web.header.HeaderWriterFilter.doFilterInternal(HeaderWriterFilter.java:75)
	at org.springframework.web.filter.OncePerRequestFilter.doFilter(OncePerRequestFilter.java:117)
	at org.springframework.security.web.FilterChainProxy$VirtualFilterChain.doFilter(FilterChainProxy.java:336)
	at org.springframework.security.web.context.SecurityContextPersistenceFilter.doFilter(SecurityContextPersistenceFilter.java:112)
	at org.springframework.security.web.context.SecurityContextPersistenceFilter.doFilter(SecurityContextPersistenceFilter.java:82)
	at org.springframework.security.web.FilterChainProxy$VirtualFilterChain.doFilter(FilterChainProxy.java:336)
	at org.springframework.security.web.context.request.async.WebAsyncManagerIntegrationFilter.doFilterInternal(WebAsyncManagerIntegrationFilter.java:55)
	at org.springframework.web.filter.OncePerRequestFilter.doFilter(OncePerRequestFilter.java:117)
	at org.springframework.security.web.FilterChainProxy$VirtualFilterChain.doFilter(FilterChainProxy.java:336)
	at org.springframework.security.web.session.DisableEncodeUrlFilter.doFilterInternal(DisableEncodeUrlFilter.java:42)
	at org.springframework.web.filter.OncePerRequestFilter.doFilter(OncePerRequestFilter.java:117)
	at org.springframework.security.web.FilterChainProxy$VirtualFilterChain.doFilter(FilterChainProxy.java:336)
	at org.springframework.security.web.FilterChainProxy.doFilterInternal(FilterChainProxy.java:211)
	at org.springframework.security.web.FilterChainProxy.doFilter(FilterChainProxy.java:183)
	at org.springframework.web.filter.DelegatingFilterProxy.invokeDelegate(DelegatingFilterProxy.java:354)
	at org.springframework.web.filter.DelegatingFilterProxy.doFilter(DelegatingFilterProxy.java:267)
	at org.apache.catalina.core.ApplicationFilterChain.internalDoFilter(ApplicationFilterChain.java:189)
	at org.apache.catalina.core.ApplicationFilterChain.doFilter(ApplicationFilterChain.java:162)
	at org.springframework.web.filter.RequestContextFilter.doFilterInternal(RequestContextFilter.java:100)
	at org.springframework.web.filter.OncePerRequestFilter.doFilter(OncePerRequestFilter.java:117)
	at org.apache.catalina.core.ApplicationFilterChain.internalDoFilter(ApplicationFilterChain.java:189)
	at org.apache.catalina.core.ApplicationFilterChain.doFilter(ApplicationFilterChain.java:162)
	at org.springframework.web.filter.FormContentFilter.doFilterInternal(FormContentFilter.java:93)
	at org.springframework.web.filter.OncePerRequestFilter.doFilter(OncePerRequestFilter.java:117)
	at org.apache.catalina.core.ApplicationFilterChain.internalDoFilter(ApplicationFilterChain.java:189)
	at org.apache.catalina.core.ApplicationFilterChain.doFilter(ApplicationFilterChain.java:162)
	at org.springframework.web.filter.CharacterEncodingFilter.doFilterInternal(CharacterEncodingFilter.java:201)
	at org.springframework.web.filter.OncePerRequestFilter.doFilter(OncePerRequestFilter.java:117)
	at org.apache.catalina.core.ApplicationFilterChain.internalDoFilter(ApplicationFilterChain.java:189)
	at org.apache.catalina.core.ApplicationFilterChain.doFilter(ApplicationFilterChain.java:162)
	at org.apache.catalina.core.StandardWrapperValve.invoke(StandardWrapperValve.java:197)
	at org.apache.catalina.core.StandardContextValve.invoke(StandardContextValve.java:97)
	at org.apache.catalina.authenticator.AuthenticatorBase.invoke(AuthenticatorBase.java:541)
	at org.apache.catalina.core.StandardHostValve.invoke(StandardHostValve.java:135)
	at org.apache.catalina.valves.ErrorReportValve.invoke(ErrorReportValve.java:92)
	at org.apache.catalina.core.StandardEngineValve.invoke(StandardEngineValve.java:78)
	at org.apache.catalina.connector.CoyoteAdapter.service(CoyoteAdapter.java:360)
	at org.apache.coyote.http11.Http11Processor.service(Http11Processor.java:399)
	at org.apache.coyote.AbstractProcessorLight.process(AbstractProcessorLight.java:65)
	at org.apache.coyote.AbstractProtocol$ConnectionHandler.process(AbstractProtocol.java:890)
	at org.apache.tomcat.util.net.NioEndpoint$SocketProcessor.doRun(NioEndpoint.java:1787)
	at org.apache.tomcat.util.net.SocketProcessorBase.run(SocketProcessorBase.java:49)
	at org.apache.tomcat.util.threads.ThreadPoolExecutor.runWorker(ThreadPoolExecutor.java:1191)
	at org.apache.tomcat.util.threads.ThreadPoolExecutor$Worker.run(ThreadPoolExecutor.java:659)
	at org.apache.tomcat.util.threads.TaskThread$WrappingRunnable.run(TaskThread.java:61)
	at java.base/java.lang.Thread.run(Thread.java:829)
16:33:57.756 [http-nio-80-exec-10] INFO  com.itbaizhan.travel.AOP.LogAop - Log(url=/backstage/admin_login, visitTime=Sat Jan 20 16:33:57 CST 2024, executionTime=0, username=null, ip=0:0:0:0:0:0:0:1, exceptionMessage=null)
16:33:57.764 [http-nio-80-exec-9] INFO  com.itbaizhan.travel.AOP.LogAop - Log(url=/backstage/admin_login, visitTime=Sat Jan 20 16:33:57 CST 2024, executionTime=0, username=null, ip=0:0:0:0:0:0:0:1, exceptionMessage=null)
16:33:57.771 [http-nio-80-exec-1] INFO  com.itbaizhan.travel.AOP.LogAop - Log(url=/backstage/admin_login, visitTime=Sat Jan 20 16:33:57 CST 2024, executionTime=0, username=null, ip=0:0:0:0:0:0:0:1, exceptionMessage=null)
16:33:57.778 [http-nio-80-exec-6] INFO  com.itbaizhan.travel.AOP.LogAop - Log(url=/favicon.ico, visitTime=Sat Jan 20 16:33:57 CST 2024, executionTime=0, username=null, ip=0:0:0:0:0:0:0:1, exceptionMessage=null)
16:34:27.385 [http-nio-80-exec-7] INFO  com.itbaizhan.travel.AOP.LogAop - Log(url=/frontdesk/register, visitTime=Sat Jan 20 16:34:27 CST 2024, executionTime=0, username=null, ip=0:0:0:0:0:0:0:1, exceptionMessage=null)
16:34:27.439 [http-nio-80-exec-1] INFO  com.itbaizhan.travel.AOP.LogAop - Log(url=/favicon.ico, visitTime=Sat Jan 20 16:34:27 CST 2024, executionTime=0, username=null, ip=0:0:0:0:0:0:0:1, exceptionMessage=null)
16:35:46.420 [http-nio-80-exec-4] INFO  com.itbaizhan.travel.AOP.LogAop - Log(url=/frontdesk/register, visitTime=Sat Jan 20 16:35:46 CST 2024, executionTime=0, username=null, ip=0:0:0:0:0:0:0:1, exceptionMessage=null)
16:35:46.467 [http-nio-80-exec-2] INFO  com.itbaizhan.travel.AOP.LogAop - Log(url=/favicon.ico, visitTime=Sat Jan 20 16:35:46 CST 2024, executionTime=0, username=null, ip=0:0:0:0:0:0:0:1, exceptionMessage=null)
16:37:02.081 [http-nio-80-exec-9] INFO  com.itbaizhan.travel.AOP.LogAop - Log(url=/frontdesk/login, visitTime=Sat Jan 20 16:37:02 CST 2024, executionTime=0, username=null, ip=0:0:0:0:0:0:0:1, exceptionMessage=null)
16:37:02.120 [http-nio-80-exec-6] INFO  com.itbaizhan.travel.AOP.LogAop - Log(url=/frontdesk/header.html, visitTime=Sat Jan 20 16:37:02 CST 2024, executionTime=0, username=null, ip=0:0:0:0:0:0:0:1, exceptionMessage=null)
16:37:02.120 [http-nio-80-exec-8] INFO  com.itbaizhan.travel.AOP.LogAop - Log(url=/frontdesk/footer.html, visitTime=Sat Jan 20 16:37:02 CST 2024, executionTime=0, username=null, ip=0:0:0:0:0:0:0:1, exceptionMessage=null)
16:37:02.127 [http-nio-80-exec-5] INFO  com.itbaizhan.travel.AOP.LogAop - Log(url=/favicon.ico, visitTime=Sat Jan 20 16:37:02 CST 2024, executionTime=0, username=null, ip=0:0:0:0:0:0:0:1, exceptionMessage=null)
16:37:14.155 [http-nio-80-exec-1] INFO  com.itbaizhan.travel.AOP.LogAop - Log(url=/favicon.ico, visitTime=Sat Jan 20 16:37:14 CST 2024, executionTime=0, username=null, ip=0:0:0:0:0:0:0:1, exceptionMessage=null)
16:37:38.706 [http-nio-80-exec-7] INFO  com.itbaizhan.travel.AOP.LogAop - Log(url=/frontdesk/index, visitTime=Sat Jan 20 16:37:38 CST 2024, executionTime=0, username=null, ip=0:0:0:0:0:0:0:1, exceptionMessage=null)
16:37:38.826 [http-nio-80-exec-1] INFO  com.itbaizhan.travel.AOP.LogAop - Log(url=/favicon.ico, visitTime=Sat Jan 20 16:37:38 CST 2024, executionTime=0, username=null, ip=0:0:0:0:0:0:0:1, exceptionMessage=null)
16:38:00.346 [SpringApplicationShutdownHook] INFO  com.zaxxer.hikari.HikariDataSource - HikariPool-1 - Shutdown initiated...
16:38:00.356 [SpringApplicationShutdownHook] INFO  com.zaxxer.hikari.HikariDataSource - HikariPool-1 - Shutdown completed.
